This is pdfTeX, Version 3.14159265-2.6-1.40.20 (MiKTeX 2.9.7250 64-bit) (preloaded format=pdflatex 2019.12.24)  5 AUG 2020 19:56
entering extended mode
**./part2.tex
(part2.tex
LaTeX2e <2019-10-01> patch level 3
! Undefined control sequence.
l.1 \chapter
            {–ü–æ—Ç–æ–∫–æ–≤—ã–µ –∫—É–±–∏—Ç—ã –≤ –≤–æ–ª–Ω–æ–≤–æ–¥–µ: –∏–∑–≥–æ...
The control sequence at the end of the top line
of your error message was never \def'ed. If you have
misspelled it (e.g., `\hobx'), type `I' and the correct
spelling (e.g., `I\hbox'). Otherwise just continue,
and I'll forget about whatever was undefined.


! Package inputenc Error: Unicode character –ü (U+041F)
(inputenc)                not set up for use with LaTeX.

See the inputenc package documentation for explanation.
Type  H <return>  for immediate help.
 ...                                              
                                                  
l.1 \chapter{–ü
               –æ—Ç–æ–∫–æ–≤—ã–µ –∫—É–±–∏—Ç—ã –≤ –≤–æ–ª–Ω–æ–≤–æ–¥–µ: –∏–∑–≥–æ...

You may provide a definition with
\DeclareUnicodeCharacter 


! Package inputenc Error: Unicode character –æ (U+043E)
(inputenc)                not set up for use with LaTeX.

See the inputenc package documentation for explanation.
Type  H <return>  for immediate help.
 ...                                              
                                                  
l.1 \chapter{–ü–æ
                 —Ç–æ–∫–æ–≤—ã–µ –∫—É–±–∏—Ç—ã –≤ –≤–æ–ª–Ω–æ–≤–æ–¥–µ: –∏–∑–≥–æ...

You may provide a definition with
\DeclareUnicodeCharacter 


! Package inputenc Error: Unicode character —Ç (U+0442)
(inputenc)                not set up for use with LaTeX.

See the inputenc package documentation for explanation.
Type  H <return>  for immediate help.
 ...                                              
                                                  
l.1 \chapter{–ü–æ—Ç
                   –æ–∫–æ–≤—ã–µ –∫—É–±–∏—Ç—ã –≤ –≤–æ–ª–Ω–æ–≤–æ–¥–µ: –∏–∑–≥–æ...

You may provide a definition with
\DeclareUnicodeCharacter 


! Package inputenc Error: Unicode character –æ (U+043E)
(inputenc)                not set up for use with LaTeX.

See the inputenc package documentation for explanation.
Type  H <return>  for immediate help.
 ...                                              
                                                  
l.1 \chapter{–ü–æ—Ç–æ
                     –∫–æ–≤—ã–µ –∫—É–±–∏—Ç—ã –≤ –≤–æ–ª–Ω–æ–≤–æ–¥–µ: –∏–∑–≥–æ...

You may provide a definition with
\DeclareUnicodeCharacter 


! Package inputenc Error: Unicode character –∫ (U+043A)
(inputenc)                not set up for use with LaTeX.

See the inputenc package documentation for explanation.
Type  H <return>  for immediate help.
 ...                                              
                                                  
l.1 \chapter{–ü–æ—Ç–æ–∫
                       –æ–≤—ã–µ –∫—É–±–∏—Ç—ã –≤ –≤–æ–ª–Ω–æ–≤–æ–¥–µ: –∏–∑–≥–æ...

You may provide a definition with
\DeclareUnicodeCharacter 


! Package inputenc Error: Unicode character –æ (U+043E)
(inputenc)                not set up for use with LaTeX.

See the inputenc package documentation for explanation.
Type  H <return>  for immediate help.
 ...                                              
                                                  
l.1 \chapter{–ü–æ—Ç–æ–∫–æ
                         –≤—ã–µ –∫—É–±–∏—Ç—ã –≤ –≤–æ–ª–Ω–æ–≤–æ–¥–µ: –∏–∑–≥–æ...

You may provide a definition with
\DeclareUnicodeCharacter 


! Package inputenc Error: Unicode character –≤ (U+0432)
(inputenc)                not set up for use with LaTeX.

See the inputenc package documentation for explanation.
Type  H <return>  for immediate help.
 ...                                              
                                                  
l.1 \chapter{–ü–æ—Ç–æ–∫–æ–≤
                           —ã–µ –∫—É–±–∏—Ç—ã –≤ –≤–æ–ª–Ω–æ–≤–æ–¥–µ: –∏–∑–≥–æ...

You may provide a definition with
\DeclareUnicodeCharacter 


! Package inputenc Error: Unicode character —ã (U+044B)
(inputenc)                not set up for use with LaTeX.

See the inputenc package documentation for explanation.
Type  H <return>  for immediate help.
 ...                                              
                                                  
l.1 \chapter{–ü–æ—Ç–æ–∫–æ–≤—ã
                             –µ –∫—É–±–∏—Ç—ã –≤ –≤–æ–ª–Ω–æ–≤–æ–¥–µ: –∏–∑–≥–æ...

You may provide a definition with
\DeclareUnicodeCharacter 


! Package inputenc Error: Unicode character –µ (U+0435)
(inputenc)                not set up for use with LaTeX.

See the inputenc package documentation for explanation.
Type  H <return>  for immediate help.
 ...                                              
                                                  
l.1 \chapter{–ü–æ—Ç–æ–∫–æ–≤—ã–µ
                                –∫—É–±–∏—Ç—ã –≤ –≤–æ–ª–Ω–æ–≤–æ–¥–µ: –∏–∑–≥–æ...

You may provide a definition with
\DeclareUnicodeCharacter 


! Package inputenc Error: Unicode character –∫ (U+043A)
(inputenc)                not set up for use with LaTeX.

See the inputenc package documentation for explanation.
Type  H <return>  for immediate help.
 ...                                              
                                                  
l.1 \chapter{–ü–æ—Ç–æ–∫–æ–≤—ã–µ –∫
                                  —É–±–∏—Ç—ã –≤ –≤–æ–ª–Ω–æ–≤–æ–¥–µ: –∏–∑–≥–æ...

You may provide a definition with
\DeclareUnicodeCharacter 


! Package inputenc Error: Unicode character —É (U+0443)
(inputenc)                not set up for use with LaTeX.

See the inputenc package documentation for explanation.
Type  H <return>  for immediate help.
 ...                                              
                                                  
l.1 \chapter{–ü–æ—Ç–æ–∫–æ–≤—ã–µ –∫—É
                                    –±–∏—Ç—ã –≤ –≤–æ–ª–Ω–æ–≤–æ–¥–µ: –∏–∑–≥–æ...

You may provide a definition with
\DeclareUnicodeCharacter 


! Package inputenc Error: Unicode character –± (U+0431)
(inputenc)                not set up for use with LaTeX.

See the inputenc package documentation for explanation.
Type  H <return>  for immediate help.
 ...                                              
                                                  
l.1 \chapter{–ü–æ—Ç–æ–∫–æ–≤—ã–µ –∫—É–±
                                      –∏—Ç—ã –≤ –≤–æ–ª–Ω–æ–≤–æ–¥–µ: –∏–∑–≥–æ...

You may provide a definition with
\DeclareUnicodeCharacter 


! Package inputenc Error: Unicode character –∏ (U+0438)
(inputenc)                not set up for use with LaTeX.

See the inputenc package documentation for explanation.
Type  H <return>  for immediate help.
 ...                                              
                                                  
l.1 \chapter{–ü–æ—Ç–æ–∫–æ–≤—ã–µ –∫—É–±–∏
                                        —Ç—ã –≤ –≤–æ–ª–Ω–æ–≤–æ–¥–µ: –∏–∑–≥–æ...

You may provide a definition with
\DeclareUnicodeCharacter 


! Package inputenc Error: Unicode character —Ç (U+0442)
(inputenc)                not set up for use with LaTeX.

See the inputenc package documentation for explanation.
Type  H <return>  for immediate help.
 ...                                              
                                                  
l.1 \chapter{–ü–æ—Ç–æ–∫–æ–≤—ã–µ –∫—É–±–∏—Ç
                                          —ã –≤ –≤–æ–ª–Ω–æ–≤–æ–¥–µ: –∏–∑–≥–æ...

You may provide a definition with
\DeclareUnicodeCharacter 


! Package inputenc Error: Unicode character —ã (U+044B)
(inputenc)                not set up for use with LaTeX.

See the inputenc package documentation for explanation.
Type  H <return>  for immediate help.
 ...                                              
                                                  
l.1 \chapter{–ü–æ—Ç–æ–∫–æ–≤—ã–µ –∫—É–±–∏—Ç—ã
                                             –≤ –≤–æ–ª–Ω–æ–≤–æ–¥–µ: –∏–∑–≥–æ...

You may provide a definition with
\DeclareUnicodeCharacter 


! Package inputenc Error: Unicode character –≤ (U+0432)
(inputenc)                not set up for use with LaTeX.

See the inputenc package documentation for explanation.
Type  H <return>  for immediate help.
 ...                                              
                                                  
l.1 \chapter{–ü–æ—Ç–æ–∫–æ–≤—ã–µ –∫—É–±–∏—Ç—ã –≤
                                                –≤–æ–ª–Ω–æ–≤–æ–¥–µ: –∏–∑–≥–æ...

You may provide a definition with
\DeclareUnicodeCharacter 


! Package inputenc Error: Unicode character –≤ (U+0432)
(inputenc)                not set up for use with LaTeX.

See the inputenc package documentation for explanation.
Type  H <return>  for immediate help.
 ...                                              
                                                  
l.1 \chapter{–ü–æ—Ç–æ–∫–æ–≤—ã–µ –∫—É–±–∏—Ç—ã –≤ –≤
                                                  –æ–ª–Ω–æ–≤–æ–¥–µ: –∏–∑–≥–æ...

You may provide a definition with
\DeclareUnicodeCharacter 


! Package inputenc Error: Unicode character –æ (U+043E)
(inputenc)                not set up for use with LaTeX.

See the inputenc package documentation for explanation.
Type  H <return>  for immediate help.
 ...                                              
                                                  
l.1 ...ter{–ü–æ—Ç–æ–∫–æ–≤—ã–µ –∫—É–±–∏—Ç—ã –≤ –≤–æ
                                                  –ª–Ω–æ–≤–æ–¥–µ: –∏–∑–≥–æ—Ç...

You may provide a definition with
\DeclareUnicodeCharacter 


! Package inputenc Error: Unicode character –ª (U+043B)
(inputenc)                not set up for use with LaTeX.

See the inputenc package documentation for explanation.
Type  H <return>  for immediate help.
 ...                                              
                                                  
l.1 ...r{–ü–æ—Ç–æ–∫–æ–≤—ã–µ –∫—É–±–∏—Ç—ã –≤ –≤–æ–ª
                                                  –Ω–æ–≤–æ–¥–µ: –∏–∑–≥–æ—Ç–æ...

You may provide a definition with
\DeclareUnicodeCharacter 


! Package inputenc Error: Unicode character –Ω (U+043D)
(inputenc)                not set up for use with LaTeX.

See the inputenc package documentation for explanation.
Type  H <return>  for immediate help.
 ...                                              
                                                  
l.1 ...–ü–æ—Ç–æ–∫–æ–≤—ã–µ –∫—É–±–∏—Ç—ã –≤ –≤–æ–ª–Ω
                                                  –æ–≤–æ–¥–µ: –∏–∑–≥–æ—Ç–æ–≤...

You may provide a definition with
\DeclareUnicodeCharacter 


! Package inputenc Error: Unicode character –æ (U+043E)
(inputenc)                not set up for use with LaTeX.

See the inputenc package documentation for explanation.
Type  H <return>  for immediate help.
 ...                                              
                                                  
l.1 ...–æ—Ç–æ–∫–æ–≤—ã–µ –∫—É–±–∏—Ç—ã –≤ –≤–æ–ª–Ω–æ
                                                  –≤–æ–¥–µ: –∏–∑–≥–æ—Ç–æ–≤–ª...

You may provide a definition with
\DeclareUnicodeCharacter 


! Package inputenc Error: Unicode character –≤ (U+0432)
(inputenc)                not set up for use with LaTeX.

See the inputenc package documentation for explanation.
Type  H <return>  for immediate help.
 ...                                              
                                                  
l.1 ...—Ç–æ–∫–æ–≤—ã–µ –∫—É–±–∏—Ç—ã –≤ –≤–æ–ª–Ω–æ–≤
                                                  –æ–¥–µ: –∏–∑–≥–æ—Ç–æ–≤–ª–µ...

You may provide a definition with
\DeclareUnicodeCharacter 


! Package inputenc Error: Unicode character –æ (U+043E)
(inputenc)                not set up for use with LaTeX.

See the inputenc package documentation for explanation.
Type  H <return>  for immediate help.
 ...                                              
                                                  
l.1 ...–æ–∫–æ–≤—ã–µ –∫—É–±–∏—Ç—ã –≤ –≤–æ–ª–Ω–æ–≤–æ
                                                  –¥–µ: –∏–∑–≥–æ—Ç–æ–≤–ª–µ–Ω...

You may provide a definition with
\DeclareUnicodeCharacter 


! Package inputenc Error: Unicode character –¥ (U+0434)
(inputenc)                not set up for use with LaTeX.

See the inputenc package documentation for explanation.
Type  H <return>  for immediate help.
 ...                                              
                                                  
l.1 ...–∫–æ–≤—ã–µ –∫—É–±–∏—Ç—ã –≤ –≤–æ–ª–Ω–æ–≤–æ–¥
                                                  –µ: –∏–∑–≥–æ—Ç–æ–≤–ª–µ–Ω–∏...

You may provide a definition with
\DeclareUnicodeCharacter 


! Package inputenc Error: Unicode character –µ (U+0435)
(inputenc)                not set up for use with LaTeX.

See the inputenc package documentation for explanation.
Type  H <return>  for immediate help.
 ...                                              
                                                  
l.1 ...–æ–≤—ã–µ –∫—É–±–∏—Ç—ã –≤ –≤–æ–ª–Ω–æ–≤–æ–¥–µ
                                                  : –∏–∑–≥–æ—Ç–æ–≤–ª–µ–Ω–∏–µ...

You may provide a definition with
\DeclareUnicodeCharacter 


! LaTeX Error: Missing \begin{document}.

See the LaTeX manual or LaTeX Companion for explanation.
Type  H <return>  for immediate help.
 ...                                              
                                                  
l.1 ...æ–≤—ã–µ –∫—É–±–∏—Ç—ã –≤ –≤–æ–ª–Ω–æ–≤–æ–¥–µ:
                                                   –∏–∑–≥–æ—Ç–æ–≤–ª–µ–Ω–∏–µ ...

You're in trouble here.  Try typing  <return>  to proceed.
If that doesn't work, type  X <return>  to quit.

Missing character: There is no : in font nullfont!

! Package inputenc Error: Unicode character –∏ (U+0438)
(inputenc)                not set up for use with LaTeX.

See the inputenc package documentation for explanation.
Type  H <return>  for immediate help.
 ...                                              
                                                  
l.1 ...—ã–µ –∫—É–±–∏—Ç—ã –≤ –≤–æ–ª–Ω–æ–≤–æ–¥–µ: –∏
                                                  –∑–≥–æ—Ç–æ–≤–ª–µ–Ω–∏–µ –∏ ...

You may provide a definition with
\DeclareUnicodeCharacter 


! Package inputenc Error: Unicode character –∑ (U+0437)
(inputenc)                not set up for use with LaTeX.

See the inputenc package documentation for explanation.
Type  H <return>  for immediate help.
 ...                                              
                                                  
l.1 ...–µ –∫—É–±–∏—Ç—ã –≤ –≤–æ–ª–Ω–æ–≤–æ–¥–µ: –∏–∑
                                                  –≥–æ—Ç–æ–≤–ª–µ–Ω–∏–µ –∏ —Ö...

You may provide a definition with
\DeclareUnicodeCharacter 


! Package inputenc Error: Unicode character –≥ (U+0433)
(inputenc)                not set up for use with LaTeX.

See the inputenc package documentation for explanation.
Type  H <return>  for immediate help.
 ...                                              
                                                  
l.1 ... –∫—É–±–∏—Ç—ã –≤ –≤–æ–ª–Ω–æ–≤–æ–¥–µ: –∏–∑–≥
                                                  –æ—Ç–æ–≤–ª–µ–Ω–∏–µ –∏ —Ö–∞...

You may provide a definition with
\DeclareUnicodeCharacter 


! Package inputenc Error: Unicode character –æ (U+043E)
(inputenc)                not set up for use with LaTeX.

See the inputenc package documentation for explanation.
Type  H <return>  for immediate help.
 ...                                              
                                                  
l.1 ...∫—É–±–∏—Ç—ã –≤ –≤–æ–ª–Ω–æ–≤–æ–¥–µ: –∏–∑–≥–æ
                                                  —Ç–æ–≤–ª–µ–Ω–∏–µ –∏ —Ö–∞—Ä...

You may provide a definition with
\DeclareUnicodeCharacter 


! Package inputenc Error: Unicode character —Ç (U+0442)
(inputenc)                not set up for use with LaTeX.

See the inputenc package documentation for explanation.
Type  H <return>  for immediate help.
 ...                                              
                                                  
l.1 ...É–±–∏—Ç—ã –≤ –≤–æ–ª–Ω–æ–≤–æ–¥–µ: –∏–∑–≥–æ—Ç
                                                  –æ–≤–ª–µ–Ω–∏–µ –∏ —Ö–∞—Ä–∞...

You may provide a definition with
\DeclareUnicodeCharacter 


! Package inputenc Error: Unicode character –æ (U+043E)
(inputenc)                not set up for use with LaTeX.

See the inputenc package documentation for explanation.
Type  H <return>  for immediate help.
 ...                                              
                                                  
l.1 ...±–∏—Ç—ã –≤ –≤–æ–ª–Ω–æ–≤–æ–¥–µ: –∏–∑–≥–æ—Ç–æ
                                                  –≤–ª–µ–Ω–∏–µ –∏ —Ö–∞—Ä–∞–∫...

You may provide a definition with
\DeclareUnicodeCharacter 


! Package inputenc Error: Unicode character –≤ (U+0432)
(inputenc)                not set up for use with LaTeX.

See the inputenc package documentation for explanation.
Type  H <return>  for immediate help.
 ...                                              
                                                  
l.1 ...∏—Ç—ã –≤ –≤–æ–ª–Ω–æ–≤–æ–¥–µ: –∏–∑–≥–æ—Ç–æ–≤
                                                  –ª–µ–Ω–∏–µ –∏ —Ö–∞—Ä–∞–∫—Ç...

You may provide a definition with
\DeclareUnicodeCharacter 


! Package inputenc Error: Unicode character –ª (U+043B)
(inputenc)                not set up for use with LaTeX.

See the inputenc package documentation for explanation.
Type  H <return>  for immediate help.
 ...                                              
                                                  
l.1 ...Ç—ã –≤ –≤–æ–ª–Ω–æ–≤–æ–¥–µ: –∏–∑–≥–æ—Ç–æ–≤–ª
                                                  –µ–Ω–∏–µ –∏ —Ö–∞—Ä–∞–∫—Ç–µ...

You may provide a definition with
\DeclareUnicodeCharacter 


! Package inputenc Error: Unicode character –µ (U+0435)
(inputenc)                not set up for use with LaTeX.

See the inputenc package documentation for explanation.
Type  H <return>  for immediate help.
 ...                                              
                                                  
l.1 ...ã –≤ –≤–æ–ª–Ω–æ–≤–æ–¥–µ: –∏–∑–≥–æ—Ç–æ–≤–ª–µ
                                                  –Ω–∏–µ –∏ —Ö–∞—Ä–∞–∫—Ç–µ—Ä...

You may provide a definition with
\DeclareUnicodeCharacter 


! Package inputenc Error: Unicode character –Ω (U+043D)
(inputenc)                not set up for use with LaTeX.

See the inputenc package documentation for explanation.
Type  H <return>  for immediate help.
 ...                                              
                                                  
l.1 ...–≤ –≤–æ–ª–Ω–æ–≤–æ–¥–µ: –∏–∑–≥–æ—Ç–æ–≤–ª–µ–Ω
                                                  –∏–µ –∏ —Ö–∞—Ä–∞–∫—Ç–µ—Ä–∏...

You may provide a definition with
\DeclareUnicodeCharacter 


! Package inputenc Error: Unicode character –∏ (U+0438)
(inputenc)                not set up for use with LaTeX.

See the inputenc package documentation for explanation.
Type  H <return>  for immediate help.
 ...                                              
                                                  
l.1 ... –≤–æ–ª–Ω–æ–≤–æ–¥–µ: –∏–∑–≥–æ—Ç–æ–≤–ª–µ–Ω–∏
                                                  –µ –∏ —Ö–∞—Ä–∞–∫—Ç–µ—Ä–∏–∑...

You may provide a definition with
\DeclareUnicodeCharacter 


! Package inputenc Error: Unicode character –µ (U+0435)
(inputenc)                not set up for use with LaTeX.

See the inputenc package documentation for explanation.
Type  H <return>  for immediate help.
 ...                                              
                                                  
l.1 ...≤–æ–ª–Ω–æ–≤–æ–¥–µ: –∏–∑–≥–æ—Ç–æ–≤–ª–µ–Ω–∏–µ
                                                   –∏ —Ö–∞—Ä–∞–∫—Ç–µ—Ä–∏–∑–∞...

You may provide a definition with
\DeclareUnicodeCharacter 


! Package inputenc Error: Unicode character –∏ (U+0438)
(inputenc)                not set up for use with LaTeX.

See the inputenc package documentation for explanation.
Type  H <return>  for immediate help.
 ...                                              
                                                  
l.1 ...–ª–Ω–æ–≤–æ–¥–µ: –∏–∑–≥–æ—Ç–æ–≤–ª–µ–Ω–∏–µ –∏
                                                   —Ö–∞—Ä–∞–∫—Ç–µ—Ä–∏–∑–∞—Ü–...

You may provide a definition with
\DeclareUnicodeCharacter 


! Package inputenc Error: Unicode character —Ö (U+0445)
(inputenc)                not set up for use with LaTeX.

See the inputenc package documentation for explanation.
Type  H <return>  for immediate help.
 ...                                              
                                                  
l.1 ...Ω–æ–≤–æ–¥–µ: –∏–∑–≥–æ—Ç–æ–≤–ª–µ–Ω–∏–µ –∏ —Ö
                                                  –∞—Ä–∞–∫—Ç–µ—Ä–∏–∑–∞—Ü–∏—è}
You may provide a definition with
\DeclareUnicodeCharacter 


! Package inputenc Error: Unicode character –∞ (U+0430)
(inputenc)                not set up for use with LaTeX.

See the inputenc package documentation for explanation.
Type  H <return>  for immediate help.
 ...                                              
                                                  
l.1 ...æ–≤–æ–¥–µ: –∏–∑–≥–æ—Ç–æ–≤–ª–µ–Ω–∏–µ –∏ —Ö–∞
                                                  —Ä–∞–∫—Ç–µ—Ä–∏–∑–∞—Ü–∏—è}
You may provide a definition with
\DeclareUnicodeCharacter 


! Package inputenc Error: Unicode character —Ä (U+0440)
(inputenc)                not set up for use with LaTeX.

See the inputenc package documentation for explanation.
Type  H <return>  for immediate help.
 ...                                              
                                                  
l.1 ...≤–æ–¥–µ: –∏–∑–≥–æ—Ç–æ–≤–ª–µ–Ω–∏–µ –∏ —Ö–∞—Ä
                                                  –∞–∫—Ç–µ—Ä–∏–∑–∞—Ü–∏—è}
You may provide a definition with
\DeclareUnicodeCharacter 


! Package inputenc Error: Unicode character –∞ (U+0430)
(inputenc)                not set up for use with LaTeX.

See the inputenc package documentation for explanation.
Type  H <return>  for immediate help.
 ...                                              
                                                  
l.1 ...æ–¥–µ: –∏–∑–≥–æ—Ç–æ–≤–ª–µ–Ω–∏–µ –∏ —Ö–∞—Ä–∞
                                                  –∫—Ç–µ—Ä–∏–∑–∞—Ü–∏—è}
You may provide a definition with
\DeclareUnicodeCharacter 


! Package inputenc Error: Unicode character –∫ (U+043A)
(inputenc)                not set up for use with LaTeX.

See the inputenc package documentation for explanation.
Type  H <return>  for immediate help.
 ...                                              
                                                  
l.1 ...¥–µ: –∏–∑–≥–æ—Ç–æ–≤–ª–µ–Ω–∏–µ –∏ —Ö–∞—Ä–∞–∫
                                                  —Ç–µ—Ä–∏–∑–∞—Ü–∏—è}
You may provide a definition with
\DeclareUnicodeCharacter 


! Package inputenc Error: Unicode character —Ç (U+0442)
(inputenc)                not set up for use with LaTeX.

See the inputenc package documentation for explanation.
Type  H <return>  for immediate help.
 ...                                              
                                                  
l.1 ...µ: –∏–∑–≥–æ—Ç–æ–≤–ª–µ–Ω–∏–µ –∏ —Ö–∞—Ä–∞–∫—Ç
                                                  –µ—Ä–∏–∑–∞—Ü–∏—è}
You may provide a definition with
\DeclareUnicodeCharacter 


! Package inputenc Error: Unicode character –µ (U+0435)
(inputenc)                not set up for use with LaTeX.

See the inputenc package documentation for explanation.
Type  H <return>  for immediate help.
 ...                                              
                                                  
l.1 ... –∏–∑–≥–æ—Ç–æ–≤–ª–µ–Ω–∏–µ –∏ —Ö–∞—Ä–∞–∫—Ç–µ
                                                  —Ä–∏–∑–∞—Ü–∏—è}
You may provide a definition with
\DeclareUnicodeCharacter 


! Package inputenc Error: Unicode character —Ä (U+0440)
(inputenc)                not set up for use with LaTeX.

See the inputenc package documentation for explanation.
Type  H <return>  for immediate help.
 ...                                              
                                                  
l.1 ...∏–∑–≥–æ—Ç–æ–≤–ª–µ–Ω–∏–µ –∏ —Ö–∞—Ä–∞–∫—Ç–µ—Ä
                                                  –∏–∑–∞—Ü–∏—è}
You may provide a definition with
\DeclareUnicodeCharacter 


! Package inputenc Error: Unicode character –∏ (U+0438)
(inputenc)                not set up for use with LaTeX.

See the inputenc package documentation for explanation.
Type  H <return>  for immediate help.
 ...                                              
                                                  
l.1 ...∑–≥–æ—Ç–æ–≤–ª–µ–Ω–∏–µ –∏ —Ö–∞—Ä–∞–∫—Ç–µ—Ä–∏
                                                  –∑–∞—Ü–∏—è}
You may provide a definition with
\DeclareUnicodeCharacter 


! Package inputenc Error: Unicode character –∑ (U+0437)
(inputenc)                not set up for use with LaTeX.

See the inputenc package documentation for explanation.
Type  H <return>  for immediate help.
 ...                                              
                                                  
l.1 ...≥–æ—Ç–æ–≤–ª–µ–Ω–∏–µ –∏ —Ö–∞—Ä–∞–∫—Ç–µ—Ä–∏–∑
                                                  –∞—Ü–∏—è}
You may provide a definition with
\DeclareUnicodeCharacter 


! Package inputenc Error: Unicode character –∞ (U+0430)
(inputenc)                not set up for use with LaTeX.

See the inputenc package documentation for explanation.
Type  H <return>  for immediate help.
 ...                                              
                                                  
l.1 ...æ—Ç–æ–≤–ª–µ–Ω–∏–µ –∏ —Ö–∞—Ä–∞–∫—Ç–µ—Ä–∏–∑–∞
                                                  —Ü–∏—è}
You may provide a definition with
\DeclareUnicodeCharacter 


! Package inputenc Error: Unicode character —Ü (U+0446)
(inputenc)                not set up for use with LaTeX.

See the inputenc package documentation for explanation.
Type  H <return>  for immediate help.
 ...                                              
                                                  
l.1 ...Ç–æ–≤–ª–µ–Ω–∏–µ –∏ —Ö–∞—Ä–∞–∫—Ç–µ—Ä–∏–∑–∞—Ü
                                                  –∏—è}
You may provide a definition with
\DeclareUnicodeCharacter 


! Package inputenc Error: Unicode character –∏ (U+0438)
(inputenc)                not set up for use with LaTeX.

See the inputenc package documentation for explanation.
Type  H <return>  for immediate help.
 ...                                              
                                                  
l.1 ...æ–≤–ª–µ–Ω–∏–µ –∏ —Ö–∞—Ä–∞–∫—Ç–µ—Ä–∏–∑–∞—Ü–∏
                                                  —è}
You may provide a definition with
\DeclareUnicodeCharacter 


! Package inputenc Error: Unicode character —è (U+044F)
(inputenc)                not set up for use with LaTeX.

See the inputenc package documentation for explanation.
Type  H <return>  for immediate help.
 ...                                              
                                                  
l.1 ...≤–ª–µ–Ω–∏–µ –∏ —Ö–∞—Ä–∞–∫—Ç–µ—Ä–∏–∑–∞—Ü–∏—è
                                                  }
You may provide a definition with
\DeclareUnicodeCharacter 


Overfull \hbox (20.0pt too wide) in paragraph at lines 1--2
[]
 []


! Package inputenc Error: Unicode character –í (U+0412)
(inputenc)                not set up for use with LaTeX.

See the inputenc package documentation for explanation.
Type  H <return>  for immediate help.
 ...                                              
                                                  
l.3 –í
       —ç—Ç–æ–π –≥–ª–∞–≤–µ –∏–∑–ª–∞–≥–∞—é—Ç—Å—è —Ä–µ–∑—É–ª—å—Ç–∞—Ç—ã –∏–∑–º–...

You may provide a definition with
\DeclareUnicodeCharacter 


! Package inputenc Error: Unicode character —ç (U+044D)
(inputenc)                not set up for use with LaTeX.

See the inputenc package documentation for explanation.
Type  H <return>  for immediate help.
 ...                                              
                                                  
l.3 –í —ç
         —Ç–æ–π –≥–ª–∞–≤–µ –∏–∑–ª–∞–≥–∞—é—Ç—Å—è —Ä–µ–∑—É–ª—å—Ç–∞—Ç—ã –∏–∑–º–...

You may provide a definition with
\DeclareUnicodeCharacter 


! Package inputenc Error: Unicode character —Ç (U+0442)
(inputenc)                not set up for use with LaTeX.

See the inputenc package documentation for explanation.
Type  H <return>  for immediate help.
 ...                                              
                                                  
l.3 –í —ç—Ç
           –æ–π –≥–ª–∞–≤–µ –∏–∑–ª–∞–≥–∞—é—Ç—Å—è —Ä–µ–∑—É–ª—å—Ç–∞—Ç—ã –∏–∑–º–...

You may provide a definition with
\DeclareUnicodeCharacter 


! Package inputenc Error: Unicode character –æ (U+043E)
(inputenc)                not set up for use with LaTeX.

See the inputenc package documentation for explanation.
Type  H <return>  for immediate help.
 ...                                              
                                                  
l.3 –í —ç—Ç–æ
             –π –≥–ª–∞–≤–µ –∏–∑–ª–∞–≥–∞—é—Ç—Å—è —Ä–µ–∑—É–ª—å—Ç–∞—Ç—ã –∏–∑–º–...

You may provide a definition with
\DeclareUnicodeCharacter 


! Package inputenc Error: Unicode character –π (U+0439)
(inputenc)                not set up for use with LaTeX.

See the inputenc package documentation for explanation.
Type  H <return>  for immediate help.
 ...                                              
                                                  
l.3 –í —ç—Ç–æ–π
                –≥–ª–∞–≤–µ –∏–∑–ª–∞–≥–∞—é—Ç—Å—è —Ä–µ–∑—É–ª—å—Ç–∞—Ç—ã –∏–∑–º–...

You may provide a definition with
\DeclareUnicodeCharacter 


! Package inputenc Error: Unicode character –≥ (U+0433)
(inputenc)                not set up for use with LaTeX.

See the inputenc package documentation for explanation.
Type  H <return>  for immediate help.
 ...                                              
                                                  
l.3 –í —ç—Ç–æ–π –≥
                  –ª–∞–≤–µ –∏–∑–ª–∞–≥–∞—é—Ç—Å—è —Ä–µ–∑—É–ª—å—Ç–∞—Ç—ã –∏–∑–º–...

You may provide a definition with
\DeclareUnicodeCharacter 


! Package inputenc Error: Unicode character –ª (U+043B)
(inputenc)                not set up for use with LaTeX.

See the inputenc package documentation for explanation.
Type  H <return>  for immediate help.
 ...                                              
                                                  
l.3 –í —ç—Ç–æ–π –≥–ª
                    –∞–≤–µ –∏–∑–ª–∞–≥–∞—é—Ç—Å—è —Ä–µ–∑—É–ª—å—Ç–∞—Ç—ã –∏–∑–º–...

You may provide a definition with
\DeclareUnicodeCharacter 


! Package inputenc Error: Unicode character –∞ (U+0430)
(inputenc)                not set up for use with LaTeX.

See the inputenc package documentation for explanation.
Type  H <return>  for immediate help.
 ...                                              
                                                  
l.3 –í —ç—Ç–æ–π –≥–ª–∞
                      –≤–µ –∏–∑–ª–∞–≥–∞—é—Ç—Å—è —Ä–µ–∑—É–ª—å—Ç–∞—Ç—ã –∏–∑–º–...

You may provide a definition with
\DeclareUnicodeCharacter 


! Package inputenc Error: Unicode character –≤ (U+0432)
(inputenc)                not set up for use with LaTeX.

See the inputenc package documentation for explanation.
Type  H <return>  for immediate help.
 ...                                              
                                                  
l.3 –í —ç—Ç–æ–π –≥–ª–∞–≤
                        –µ –∏–∑–ª–∞–≥–∞—é—Ç—Å—è —Ä–µ–∑—É–ª—å—Ç–∞—Ç—ã –∏–∑–º–...

You may provide a definition with
\DeclareUnicodeCharacter 


! Package inputenc Error: Unicode character –µ (U+0435)
(inputenc)                not set up for use with LaTeX.

See the inputenc package documentation for explanation.
Type  H <return>  for immediate help.
 ...                                              
                                                  
l.3 –í —ç—Ç–æ–π –≥–ª–∞–≤–µ
                           –∏–∑–ª–∞–≥–∞—é—Ç—Å—è —Ä–µ–∑—É–ª—å—Ç–∞—Ç—ã –∏–∑–º–...

You may provide a definition with
\DeclareUnicodeCharacter 


! Package inputenc Error: Unicode character –∏ (U+0438)
(inputenc)                not set up for use with LaTeX.

See the inputenc package documentation for explanation.
Type  H <return>  for immediate help.
 ...                                              
                                                  
l.3 –í —ç—Ç–æ–π –≥–ª–∞–≤–µ –∏
                             –∑–ª–∞–≥–∞—é—Ç—Å—è —Ä–µ–∑—É–ª—å—Ç–∞—Ç—ã –∏–∑–º–...

You may provide a definition with
\DeclareUnicodeCharacter 


! Package inputenc Error: Unicode character –∑ (U+0437)
(inputenc)                not set up for use with LaTeX.

See the inputenc package documentation for explanation.
Type  H <return>  for immediate help.
 ...                                              
                                                  
l.3 –í —ç—Ç–æ–π –≥–ª–∞–≤–µ –∏–∑
                               –ª–∞–≥–∞—é—Ç—Å—è —Ä–µ–∑—É–ª—å—Ç–∞—Ç—ã –∏–∑–º–...

You may provide a definition with
\DeclareUnicodeCharacter 


! Package inputenc Error: Unicode character –ª (U+043B)
(inputenc)                not set up for use with LaTeX.

See the inputenc package documentation for explanation.
Type  H <return>  for immediate help.
 ...                                              
                                                  
l.3 –í —ç—Ç–æ–π –≥–ª–∞–≤–µ –∏–∑–ª
                                 –∞–≥–∞—é—Ç—Å—è —Ä–µ–∑—É–ª—å—Ç–∞—Ç—ã –∏–∑–º–...

You may provide a definition with
\DeclareUnicodeCharacter 


! Package inputenc Error: Unicode character –∞ (U+0430)
(inputenc)                not set up for use with LaTeX.

See the inputenc package documentation for explanation.
Type  H <return>  for immediate help.
 ...                                              
                                                  
l.3 –í —ç—Ç–æ–π –≥–ª–∞–≤–µ –∏–∑–ª–∞
                                   –≥–∞—é—Ç—Å—è —Ä–µ–∑—É–ª—å—Ç–∞—Ç—ã –∏–∑–º–...

You may provide a definition with
\DeclareUnicodeCharacter 


! Package inputenc Error: Unicode character –≥ (U+0433)
(inputenc)                not set up for use with LaTeX.

See the inputenc package documentation for explanation.
Type  H <return>  for immediate help.
 ...                                              
                                                  
l.3 –í —ç—Ç–æ–π –≥–ª–∞–≤–µ –∏–∑–ª–∞–≥
                                     –∞—é—Ç—Å—è —Ä–µ–∑—É–ª—å—Ç–∞—Ç—ã –∏–∑–º–...

You may provide a definition with
\DeclareUnicodeCharacter 


! Package inputenc Error: Unicode character –∞ (U+0430)
(inputenc)                not set up for use with LaTeX.

See the inputenc package documentation for explanation.
Type  H <return>  for immediate help.
 ...                                              
                                                  
l.3 –í —ç—Ç–æ–π –≥–ª–∞–≤–µ –∏–∑–ª–∞–≥–∞
                                       —é—Ç—Å—è —Ä–µ–∑—É–ª—å—Ç–∞—Ç—ã –∏–∑–º–...

You may provide a definition with
\DeclareUnicodeCharacter 


! Package inputenc Error: Unicode character —é (U+044E)
(inputenc)                not set up for use with LaTeX.

See the inputenc package documentation for explanation.
Type  H <return>  for immediate help.
 ...                                              
                                                  
l.3 –í —ç—Ç–æ–π –≥–ª–∞–≤–µ –∏–∑–ª–∞–≥–∞—é
                                         —Ç—Å—è —Ä–µ–∑—É–ª—å—Ç–∞—Ç—ã –∏–∑–º–...

You may provide a definition with
\DeclareUnicodeCharacter 


! Package inputenc Error: Unicode character —Ç (U+0442)
(inputenc)                not set up for use with LaTeX.

See the inputenc package documentation for explanation.
Type  H <return>  for immediate help.
 ...                                              
                                                  
l.3 –í —ç—Ç–æ–π –≥–ª–∞–≤–µ –∏–∑–ª–∞–≥–∞—é—Ç
                                           —Å—è —Ä–µ–∑—É–ª—å—Ç–∞—Ç—ã –∏–∑–º–...

You may provide a definition with
\DeclareUnicodeCharacter 


! Package inputenc Error: Unicode character —Å (U+0441)
(inputenc)                not set up for use with LaTeX.

See the inputenc package documentation for explanation.
Type  H <return>  for immediate help.
 ...                                              
                                                  
l.3 –í —ç—Ç–æ–π –≥–ª–∞–≤–µ –∏–∑–ª–∞–≥–∞—é—Ç—Å
                                             —è —Ä–µ–∑—É–ª—å—Ç–∞—Ç—ã –∏–∑–º–...

You may provide a definition with
\DeclareUnicodeCharacter 


! Package inputenc Error: Unicode character —è (U+044F)
(inputenc)                not set up for use with LaTeX.

See the inputenc package documentation for explanation.
Type  H <return>  for immediate help.
 ...                                              
                                                  
l.3 –í —ç—Ç–æ–π –≥–ª–∞–≤–µ –∏–∑–ª–∞–≥–∞—é—Ç—Å—è
                                                —Ä–µ–∑—É–ª—å—Ç–∞—Ç—ã –∏–∑–º–...

You may provide a definition with
\DeclareUnicodeCharacter 


! Package inputenc Error: Unicode character —Ä (U+0440)
(inputenc)                not set up for use with LaTeX.

See the inputenc package documentation for explanation.
Type  H <return>  for immediate help.
 ...                                              
                                                  
l.3 –í —ç—Ç–æ–π –≥–ª–∞–≤–µ –∏–∑–ª–∞–≥–∞—é—Ç—Å—è —Ä
                                                  –µ–∑—É–ª—å—Ç–∞—Ç—ã –∏–∑–º–...

You may provide a definition with
\DeclareUnicodeCharacter 


! Package inputenc Error: Unicode character –µ (U+0435)
(inputenc)                not set up for use with LaTeX.

See the inputenc package documentation for explanation.
Type  H <return>  for immediate help.
 ...                                              
                                                  
l.3 ...—Ç–æ–π –≥–ª–∞–≤–µ –∏–∑–ª–∞–≥–∞—é—Ç—Å—è —Ä–µ
                                                  –∑—É–ª—å—Ç–∞—Ç—ã –∏–∑–º–µ—...

You may provide a definition with
\DeclareUnicodeCharacter 


! Package inputenc Error: Unicode character –∑ (U+0437)
(inputenc)                not set up for use with LaTeX.

See the inputenc package documentation for explanation.
Type  H <return>  for immediate help.
 ...                                              
                                                  
l.3 ...–æ–π –≥–ª–∞–≤–µ –∏–∑–ª–∞–≥–∞—é—Ç—Å—è —Ä–µ–∑
                                                  —É–ª—å—Ç–∞—Ç—ã –∏–∑–º–µ—Ä–...

You may provide a definition with
\DeclareUnicodeCharacter 


! Package inputenc Error: Unicode character —É (U+0443)
(inputenc)                not set up for use with LaTeX.

See the inputenc package documentation for explanation.
Type  H <return>  for immediate help.
 ...                                              
                                                  
l.3 ...–π –≥–ª–∞–≤–µ –∏–∑–ª–∞–≥–∞—é—Ç—Å—è —Ä–µ–∑—É
                                                  –ª—å—Ç–∞—Ç—ã –∏–∑–º–µ—Ä–µ–...

You may provide a definition with
\DeclareUnicodeCharacter 


! Package inputenc Error: Unicode character –ª (U+043B)
(inputenc)                not set up for use with LaTeX.

See the inputenc package documentation for explanation.
Type  H <return>  for immediate help.
 ...                                              
                                                  
l.3 ... –≥–ª–∞–≤–µ –∏–∑–ª–∞–≥–∞—é—Ç—Å—è —Ä–µ–∑—É–ª
                                                  —å—Ç–∞—Ç—ã –∏–∑–º–µ—Ä–µ–Ω–...

You may provide a definition with
\DeclareUnicodeCharacter 


! Package inputenc Error: Unicode character —å (U+044C)
(inputenc)                not set up for use with LaTeX.

See the inputenc package documentation for explanation.
Type  H <return>  for immediate help.
 ...                                              
                                                  
l.3 ...≥–ª–∞–≤–µ –∏–∑–ª–∞–≥–∞—é—Ç—Å—è —Ä–µ–∑—É–ª—å
                                                  —Ç–∞—Ç—ã –∏–∑–º–µ—Ä–µ–Ω–∏–...

You may provide a definition with
\DeclareUnicodeCharacter 


! Package inputenc Error: Unicode character —Ç (U+0442)
(inputenc)                not set up for use with LaTeX.

See the inputenc package documentation for explanation.
Type  H <return>  for immediate help.
 ...                                              
                                                  
l.3 ...ª–∞–≤–µ –∏–∑–ª–∞–≥–∞—é—Ç—Å—è —Ä–µ–∑—É–ª—å—Ç
                                                  –∞—Ç—ã –∏–∑–º–µ—Ä–µ–Ω–∏–π ...

You may provide a definition with
\DeclareUnicodeCharacter 


! Package inputenc Error: Unicode character –∞ (U+0430)
(inputenc)                not set up for use with LaTeX.

See the inputenc package documentation for explanation.
Type  H <return>  for immediate help.
 ...                                              
                                                  
l.3 ...∞–≤–µ –∏–∑–ª–∞–≥–∞—é—Ç—Å—è —Ä–µ–∑—É–ª—å—Ç–∞
                                                  —Ç—ã –∏–∑–º–µ—Ä–µ–Ω–∏–π –æ...

You may provide a definition with
\DeclareUnicodeCharacter 


! Package inputenc Error: Unicode character —Ç (U+0442)
(inputenc)                not set up for use with LaTeX.

See the inputenc package documentation for explanation.
Type  H <return>  for immediate help.
 ...                                              
                                                  
l.3 ...≤–µ –∏–∑–ª–∞–≥–∞—é—Ç—Å—è —Ä–µ–∑—É–ª—å—Ç–∞—Ç
                                                  —ã –∏–∑–º–µ—Ä–µ–Ω–∏–π –æ–¥...

You may provide a definition with
\DeclareUnicodeCharacter 


! Package inputenc Error: Unicode character —ã (U+044B)
(inputenc)                not set up for use with LaTeX.

See the inputenc package documentation for explanation.
Type  H <return>  for immediate help.
 ...                                              
                                                  
l.3 ...µ –∏–∑–ª–∞–≥–∞—é—Ç—Å—è —Ä–µ–∑—É–ª—å—Ç–∞—Ç—ã
                                                   –∏–∑–º–µ—Ä–µ–Ω–∏–π –æ–¥–∏...

You may provide a definition with
\DeclareUnicodeCharacter 


! Package inputenc Error: Unicode character –∏ (U+0438)
(inputenc)                not set up for use with LaTeX.

See the inputenc package documentation for explanation.
Type  H <return>  for immediate help.
 ...                                              
                                                  
l.3 ...∏–∑–ª–∞–≥–∞—é—Ç—Å—è —Ä–µ–∑—É–ª—å—Ç–∞—Ç—ã –∏
                                                  –∑–º–µ—Ä–µ–Ω–∏–π –æ–¥–∏–Ω–...

You may provide a definition with
\DeclareUnicodeCharacter 


! Package inputenc Error: Unicode character –∑ (U+0437)
(inputenc)                not set up for use with LaTeX.

See the inputenc package documentation for explanation.
Type  H <return>  for immediate help.
 ...                                              
                                                  
l.3 ...∑–ª–∞–≥–∞—é—Ç—Å—è —Ä–µ–∑—É–ª—å—Ç–∞—Ç—ã –∏–∑
                                                  –º–µ—Ä–µ–Ω–∏–π –æ–¥–∏–Ω–æ—...

You may provide a definition with
\DeclareUnicodeCharacter 


! Package inputenc Error: Unicode character –º (U+043C)
(inputenc)                not set up for use with LaTeX.

See the inputenc package documentation for explanation.
Type  H <return>  for immediate help.
 ...                                              
                                                  
l.3 ...ª–∞–≥–∞—é—Ç—Å—è —Ä–µ–∑—É–ª—å—Ç–∞—Ç—ã –∏–∑–º
                                                  –µ—Ä–µ–Ω–∏–π –æ–¥–∏–Ω–æ—á–...

You may provide a definition with
\DeclareUnicodeCharacter 


! Package inputenc Error: Unicode character –µ (U+0435)
(inputenc)                not set up for use with LaTeX.

See the inputenc package documentation for explanation.
Type  H <return>  for immediate help.
 ...                                              
                                                  
l.3 ...∞–≥–∞—é—Ç—Å—è —Ä–µ–∑—É–ª—å—Ç–∞—Ç—ã –∏–∑–º–µ
                                                  —Ä–µ–Ω–∏–π –æ–¥–∏–Ω–æ—á–Ω—...

You may provide a definition with
\DeclareUnicodeCharacter 


! Package inputenc Error: Unicode character —Ä (U+0440)
(inputenc)                not set up for use with LaTeX.

See the inputenc package documentation for explanation.
Type  H <return>  for immediate help.
 ...                                              
                                                  
l.3 ...≥–∞—é—Ç—Å—è —Ä–µ–∑—É–ª—å—Ç–∞—Ç—ã –∏–∑–º–µ—Ä
                                                  –µ–Ω–∏–π –æ–¥–∏–Ω–æ—á–Ω—ã—...

You may provide a definition with
\DeclareUnicodeCharacter 


! Package inputenc Error: Unicode character –µ (U+0435)
(inputenc)                not set up for use with LaTeX.

See the inputenc package documentation for explanation.
Type  H <return>  for immediate help.
 ...                                              
                                                  
l.3 ...∞—é—Ç—Å—è —Ä–µ–∑—É–ª—å—Ç–∞—Ç—ã –∏–∑–º–µ—Ä–µ
                                                  –Ω–∏–π –æ–¥–∏–Ω–æ—á–Ω—ã—Ö ...

You may provide a definition with
\DeclareUnicodeCharacter 


! Package inputenc Error: Unicode character –Ω (U+043D)
(inputenc)                not set up for use with LaTeX.

See the inputenc package documentation for explanation.
Type  H <return>  for immediate help.
 ...                                              
                                                  
l.3 ...é—Ç—Å—è —Ä–µ–∑—É–ª—å—Ç–∞—Ç—ã –∏–∑–º–µ—Ä–µ–Ω
                                                  –∏–π –æ–¥–∏–Ω–æ—á–Ω—ã—Ö —Å...

You may provide a definition with
\DeclareUnicodeCharacter 


! Package inputenc Error: Unicode character –∏ (U+0438)
(inputenc)                not set up for use with LaTeX.

See the inputenc package documentation for explanation.
Type  H <return>  for immediate help.
 ...                                              
                                                  
l.3 ...Ç—Å—è —Ä–µ–∑—É–ª—å—Ç–∞—Ç—ã –∏–∑–º–µ—Ä–µ–Ω–∏
                                                  –π –æ–¥–∏–Ω–æ—á–Ω—ã—Ö —Å–≤...

You may provide a definition with
\DeclareUnicodeCharacter 


! Package inputenc Error: Unicode character –π (U+0439)
(inputenc)                not set up for use with LaTeX.

See the inputenc package documentation for explanation.
Type  H <return>  for immediate help.
 ...                                              
                                                  
l.3 ...Å—è —Ä–µ–∑—É–ª—å—Ç–∞—Ç—ã –∏–∑–º–µ—Ä–µ–Ω–∏–π
                                                   –æ–¥–∏–Ω–æ—á–Ω—ã—Ö —Å–≤–µ...

You may provide a definition with
\DeclareUnicodeCharacter 


! Package inputenc Error: Unicode character –æ (U+043E)
(inputenc)                not set up for use with LaTeX.

See the inputenc package documentation for explanation.
Type  H <return>  for immediate help.
 ...                                              
                                                  
l.3 ... —Ä–µ–∑—É–ª—å—Ç–∞—Ç—ã –∏–∑–º–µ—Ä–µ–Ω–∏–π –æ
                                                  –¥–∏–Ω–æ—á–Ω—ã—Ö —Å–≤–µ—Ä—...

You may provide a definition with
\DeclareUnicodeCharacter 


! Package inputenc Error: Unicode character –¥ (U+0434)
(inputenc)                not set up for use with LaTeX.

See the inputenc package documentation for explanation.
Type  H <return>  for immediate help.
 ...                                              
                                                  
l.3 ...Ä–µ–∑—É–ª—å—Ç–∞—Ç—ã –∏–∑–º–µ—Ä–µ–Ω–∏–π –æ–¥
                                                  –∏–Ω–æ—á–Ω—ã—Ö —Å–≤–µ—Ä—Ö–...

You may provide a definition with
\DeclareUnicodeCharacter 


! Package inputenc Error: Unicode character –∏ (U+0438)
(inputenc)                not set up for use with LaTeX.

See the inputenc package documentation for explanation.
Type  H <return>  for immediate help.
 ...                                              
                                                  
l.3 ...µ–∑—É–ª—å—Ç–∞—Ç—ã –∏–∑–º–µ—Ä–µ–Ω–∏–π –æ–¥–∏
                                                  –Ω–æ—á–Ω—ã—Ö —Å–≤–µ—Ä—Ö–ø—...

You may provide a definition with
\DeclareUnicodeCharacter 


! Package inputenc Error: Unicode character –Ω (U+043D)
(inputenc)                not set up for use with LaTeX.

See the inputenc package documentation for explanation.
Type  H <return>  for immediate help.
 ...                                              
                                                  
l.3 ...∑—É–ª—å—Ç–∞—Ç—ã –∏–∑–º–µ—Ä–µ–Ω–∏–π –æ–¥–∏–Ω
                                                  –æ—á–Ω—ã—Ö —Å–≤–µ—Ä—Ö–ø—Ä–...

You may provide a definition with
\DeclareUnicodeCharacter 


! Package inputenc Error: Unicode character –æ (U+043E)
(inputenc)                not set up for use with LaTeX.

See the inputenc package documentation for explanation.
Type  H <return>  for immediate help.
 ...                                              
                                                  
l.3 ...É–ª—å—Ç–∞—Ç—ã –∏–∑–º–µ—Ä–µ–Ω–∏–π –æ–¥–∏–Ω–æ
                                                  —á–Ω—ã—Ö —Å–≤–µ—Ä—Ö–ø—Ä–æ–...

You may provide a definition with
\DeclareUnicodeCharacter 


! Package inputenc Error: Unicode character —á (U+0447)
(inputenc)                not set up for use with LaTeX.

See the inputenc package documentation for explanation.
Type  H <return>  for immediate help.
 ...                                              
                                                  
l.3 ...ª—å—Ç–∞—Ç—ã –∏–∑–º–µ—Ä–µ–Ω–∏–π –æ–¥–∏–Ω–æ—á
                                                  –Ω—ã—Ö —Å–≤–µ—Ä—Ö–ø—Ä–æ–≤–...

You may provide a definition with
\DeclareUnicodeCharacter 


! Package inputenc Error: Unicode character –Ω (U+043D)
(inputenc)                not set up for use with LaTeX.

See the inputenc package documentation for explanation.
Type  H <return>  for immediate help.
 ...                                              
                                                  
l.3 ...å—Ç–∞—Ç—ã –∏–∑–º–µ—Ä–µ–Ω–∏–π –æ–¥–∏–Ω–æ—á–Ω
                                                  —ã—Ö —Å–≤–µ—Ä—Ö–ø—Ä–æ–≤–æ–...

You may provide a definition with
\DeclareUnicodeCharacter 


! Package inputenc Error: Unicode character —ã (U+044B)
(inputenc)                not set up for use with LaTeX.

See the inputenc package documentation for explanation.
Type  H <return>  for immediate help.
 ...                                              
                                                  
l.3 ...Ç–∞—Ç—ã –∏–∑–º–µ—Ä–µ–Ω–∏–π –æ–¥–∏–Ω–æ—á–Ω—ã
                                                  —Ö —Å–≤–µ—Ä—Ö–ø—Ä–æ–≤–æ–¥–...

You may provide a definition with
\DeclareUnicodeCharacter 


! Package inputenc Error: Unicode character —Ö (U+0445)
(inputenc)                not set up for use with LaTeX.

See the inputenc package documentation for explanation.
Type  H <return>  for immediate help.
 ...                                              
                                                  
l.3 ...∞—Ç—ã –∏–∑–º–µ—Ä–µ–Ω–∏–π –æ–¥–∏–Ω–æ—á–Ω—ã—Ö
                                                   —Å–≤–µ—Ä—Ö–ø—Ä–æ–≤–æ–¥–Ω–...

You may provide a definition with
\DeclareUnicodeCharacter 


! Package inputenc Error: Unicode character —Å (U+0441)
(inputenc)                not set up for use with LaTeX.

See the inputenc package documentation for explanation.
Type  H <return>  for immediate help.
 ...                                              
                                                  
l.3 ...—ã –∏–∑–º–µ—Ä–µ–Ω–∏–π –æ–¥–∏–Ω–æ—á–Ω—ã—Ö —Å
                                                  –≤–µ—Ä—Ö–ø—Ä–æ–≤–æ–¥–Ω–∏–∫...

You may provide a definition with
\DeclareUnicodeCharacter 


! Package inputenc Error: Unicode character –≤ (U+0432)
(inputenc)                not set up for use with LaTeX.

See the inputenc package documentation for explanation.
Type  H <return>  for immediate help.
 ...                                              
                                                  
l.3 ... –∏–∑–º–µ—Ä–µ–Ω–∏–π –æ–¥–∏–Ω–æ—á–Ω—ã—Ö —Å–≤
                                                  –µ—Ä—Ö–ø—Ä–æ–≤–æ–¥–Ω–∏–∫–æ...

You may provide a definition with
\DeclareUnicodeCharacter 


! Package inputenc Error: Unicode character –µ (U+0435)
(inputenc)                not set up for use with LaTeX.

See the inputenc package documentation for explanation.
Type  H <return>  for immediate help.
 ...                                              
                                                  
l.3 ...∏–∑–º–µ—Ä–µ–Ω–∏–π –æ–¥–∏–Ω–æ—á–Ω—ã—Ö —Å–≤–µ
                                                  —Ä—Ö–ø—Ä–æ–≤–æ–¥–Ω–∏–∫–æ–≤...

You may provide a definition with
\DeclareUnicodeCharacter 


! Package inputenc Error: Unicode character —Ä (U+0440)
(inputenc)                not set up for use with LaTeX.

See the inputenc package documentation for explanation.
Type  H <return>  for immediate help.
 ...                                              
                                                  
l.3 ...∑–º–µ—Ä–µ–Ω–∏–π –æ–¥–∏–Ω–æ—á–Ω—ã—Ö —Å–≤–µ—Ä
                                                  —Ö–ø—Ä–æ–≤–æ–¥–Ω–∏–∫–æ–≤—ã...

You may provide a definition with
\DeclareUnicodeCharacter 


! Package inputenc Error: Unicode character —Ö (U+0445)
(inputenc)                not set up for use with LaTeX.

See the inputenc package documentation for explanation.
Type  H <return>  for immediate help.
 ...                                              
                                                  
l.3 ...º–µ—Ä–µ–Ω–∏–π –æ–¥–∏–Ω–æ—á–Ω—ã—Ö —Å–≤–µ—Ä—Ö
                                                  –ø—Ä–æ–≤–æ–¥–Ω–∏–∫–æ–≤—ã—Ö...

You may provide a definition with
\DeclareUnicodeCharacter 


! Package inputenc Error: Unicode character –ø (U+043F)
(inputenc)                not set up for use with LaTeX.

See the inputenc package documentation for explanation.
Type  H <return>  for immediate help.
 ...                                              
                                                  
l.3 ...µ—Ä–µ–Ω–∏–π –æ–¥–∏–Ω–æ—á–Ω—ã—Ö —Å–≤–µ—Ä—Ö–ø
                                                  —Ä–æ–≤–æ–¥–Ω–∏–∫–æ–≤—ã—Ö –...

You may provide a definition with
\DeclareUnicodeCharacter 


! Package inputenc Error: Unicode character —Ä (U+0440)
(inputenc)                not set up for use with LaTeX.

See the inputenc package documentation for explanation.
Type  H <return>  for immediate help.
 ...                                              
                                                  
l.3 ...Ä–µ–Ω–∏–π –æ–¥–∏–Ω–æ—á–Ω—ã—Ö —Å–≤–µ—Ä—Ö–ø—Ä
                                                  –æ–≤–æ–¥–Ω–∏–∫–æ–≤—ã—Ö –ø–...

You may provide a definition with
\DeclareUnicodeCharacter 


! Package inputenc Error: Unicode character –æ (U+043E)
(inputenc)                not set up for use with LaTeX.

See the inputenc package documentation for explanation.
Type  H <return>  for immediate help.
 ...                                              
                                                  
l.3 ...µ–Ω–∏–π –æ–¥–∏–Ω–æ—á–Ω—ã—Ö —Å–≤–µ—Ä—Ö–ø—Ä–æ
                                                  –≤–æ–¥–Ω–∏–∫–æ–≤—ã—Ö –ø–æ—...

You may provide a definition with
\DeclareUnicodeCharacter 


! Package inputenc Error: Unicode character –≤ (U+0432)
(inputenc)                not set up for use with LaTeX.

See the inputenc package documentation for explanation.
Type  H <return>  for immediate help.
 ...                                              
                                                  
l.3 ...Ω–∏–π –æ–¥–∏–Ω–æ—á–Ω—ã—Ö —Å–≤–µ—Ä—Ö–ø—Ä–æ–≤
                                                  –æ–¥–Ω–∏–∫–æ–≤—ã—Ö –ø–æ—Ç–...

You may provide a definition with
\DeclareUnicodeCharacter 


! Package inputenc Error: Unicode character –æ (U+043E)
(inputenc)                not set up for use with LaTeX.

See the inputenc package documentation for explanation.
Type  H <return>  for immediate help.
 ...                                              
                                                  
l.3 ...∏–π –æ–¥–∏–Ω–æ—á–Ω—ã—Ö —Å–≤–µ—Ä—Ö–ø—Ä–æ–≤–æ
                                                  –¥–Ω–∏–∫–æ–≤—ã—Ö –ø–æ—Ç–æ–...

You may provide a definition with
\DeclareUnicodeCharacter 


! Package inputenc Error: Unicode character –¥ (U+0434)
(inputenc)                not set up for use with LaTeX.

See the inputenc package documentation for explanation.
Type  H <return>  for immediate help.
 ...                                              
                                                  
l.3 ...π –æ–¥–∏–Ω–æ—á–Ω—ã—Ö —Å–≤–µ—Ä—Ö–ø—Ä–æ–≤–æ–¥
                                                  –Ω–∏–∫–æ–≤—ã—Ö –ø–æ—Ç–æ–∫–...

You may provide a definition with
\DeclareUnicodeCharacter 


! Package inputenc Error: Unicode character –Ω (U+043D)
(inputenc)                not set up for use with LaTeX.

See the inputenc package documentation for explanation.
Type  H <return>  for immediate help.
 ...                                              
                                                  
l.3 ...–æ–¥–∏–Ω–æ—á–Ω—ã—Ö —Å–≤–µ—Ä—Ö–ø—Ä–æ–≤–æ–¥–Ω
                                                  –∏–∫–æ–≤—ã—Ö –ø–æ—Ç–æ–∫–æ–...

You may provide a definition with
\DeclareUnicodeCharacter 


! Package inputenc Error: Unicode character –∏ (U+0438)
(inputenc)                not set up for use with LaTeX.

See the inputenc package documentation for explanation.
Type  H <return>  for immediate help.
 ...                                              
                                                  
l.3 ...–¥–∏–Ω–æ—á–Ω—ã—Ö —Å–≤–µ—Ä—Ö–ø—Ä–æ–≤–æ–¥–Ω–∏
                                                  –∫–æ–≤—ã—Ö –ø–æ—Ç–æ–∫–æ–≤—...

You may provide a definition with
\DeclareUnicodeCharacter 


! Package inputenc Error: Unicode character –∫ (U+043A)
(inputenc)                not set up for use with LaTeX.

See the inputenc package documentation for explanation.
Type  H <return>  for immediate help.
 ...                                              
                                                  
l.3 ...–∏–Ω–æ—á–Ω—ã—Ö —Å–≤–µ—Ä—Ö–ø—Ä–æ–≤–æ–¥–Ω–∏–∫
                                                  –æ–≤—ã—Ö –ø–æ—Ç–æ–∫–æ–≤—ã—...

You may provide a definition with
\DeclareUnicodeCharacter 


! Package inputenc Error: Unicode character –æ (U+043E)
(inputenc)                not set up for use with LaTeX.

See the inputenc package documentation for explanation.
Type  H <return>  for immediate help.
 ...                                              
                                                  
l.3 ...–Ω–æ—á–Ω—ã—Ö —Å–≤–µ—Ä—Ö–ø—Ä–æ–≤–æ–¥–Ω–∏–∫–æ
                                                  –≤—ã—Ö –ø–æ—Ç–æ–∫–æ–≤—ã—Ö ...

You may provide a definition with
\DeclareUnicodeCharacter 


! Package inputenc Error: Unicode character –≤ (U+0432)
(inputenc)                not set up for use with LaTeX.

See the inputenc package documentation for explanation.
Type  H <return>  for immediate help.
 ...                                              
                                                  
l.3 ...–æ—á–Ω—ã—Ö —Å–≤–µ—Ä—Ö–ø—Ä–æ–≤–æ–¥–Ω–∏–∫–æ–≤
                                                  —ã—Ö –ø–æ—Ç–æ–∫–æ–≤—ã—Ö –∫...

You may provide a definition with
\DeclareUnicodeCharacter 


! Package inputenc Error: Unicode character —ã (U+044B)
(inputenc)                not set up for use with LaTeX.

See the inputenc package documentation for explanation.
Type  H <return>  for immediate help.
 ...                                              
                                                  
l.3 ...—á–Ω—ã—Ö —Å–≤–µ—Ä—Ö–ø—Ä–æ–≤–æ–¥–Ω–∏–∫–æ–≤—ã
                                                  —Ö –ø–æ—Ç–æ–∫–æ–≤—ã—Ö –∫—É...

You may provide a definition with
\DeclareUnicodeCharacter 


! Package inputenc Error: Unicode character —Ö (U+0445)
(inputenc)                not set up for use with LaTeX.

See the inputenc package documentation for explanation.
Type  H <return>  for immediate help.
 ...                                              
                                                  
l.3 ...–Ω—ã—Ö —Å–≤–µ—Ä—Ö–ø—Ä–æ–≤–æ–¥–Ω–∏–∫–æ–≤—ã—Ö
                                                   –ø–æ—Ç–æ–∫–æ–≤—ã—Ö –∫—É–±...

You may provide a definition with
\DeclareUnicodeCharacter 


! Package inputenc Error: Unicode character –ø (U+043F)
(inputenc)                not set up for use with LaTeX.

See the inputenc package documentation for explanation.
Type  H <return>  for immediate help.
 ...                                              
                                                  
l.3 ...ã—Ö —Å–≤–µ—Ä—Ö–ø—Ä–æ–≤–æ–¥–Ω–∏–∫–æ–≤—ã—Ö –ø
                                                  –æ—Ç–æ–∫–æ–≤—ã—Ö –∫—É–±–∏—...

You may provide a definition with
\DeclareUnicodeCharacter 


! Package inputenc Error: Unicode character –æ (U+043E)
(inputenc)                not set up for use with LaTeX.

See the inputenc package documentation for explanation.
Type  H <return>  for immediate help.
 ...                                              
                                                  
l.3 ...Ö —Å–≤–µ—Ä—Ö–ø—Ä–æ–≤–æ–¥–Ω–∏–∫–æ–≤—ã—Ö –ø–æ
                                                  —Ç–æ–∫–æ–≤—ã—Ö –∫—É–±–∏—Ç–...

You may provide a definition with
\DeclareUnicodeCharacter 


! Package inputenc Error: Unicode character —Ç (U+0442)
(inputenc)                not set up for use with LaTeX.

See the inputenc package documentation for explanation.
Type  H <return>  for immediate help.
 ...                                              
                                                  
l.3 ...—Å–≤–µ—Ä—Ö–ø—Ä–æ–≤–æ–¥–Ω–∏–∫–æ–≤—ã—Ö –ø–æ—Ç
                                                  –æ–∫–æ–≤—ã—Ö –∫—É–±–∏—Ç–æ–...

You may provide a definition with
\DeclareUnicodeCharacter 


! Package inputenc Error: Unicode character –æ (U+043E)
(inputenc)                not set up for use with LaTeX.

See the inputenc package documentation for explanation.
Type  H <return>  for immediate help.
 ...                                              
                                                  
l.3 ...–≤–µ—Ä—Ö–ø—Ä–æ–≤–æ–¥–Ω–∏–∫–æ–≤—ã—Ö –ø–æ—Ç–æ
                                                  –∫–æ–≤—ã—Ö –∫—É–±–∏—Ç–æ–≤,...

You may provide a definition with
\DeclareUnicodeCharacter 


! Package inputenc Error: Unicode character –∫ (U+043A)
(inputenc)                not set up for use with LaTeX.

See the inputenc package documentation for explanation.
Type  H <return>  for immediate help.
 ...                                              
                                                  
l.3 ...–µ—Ä—Ö–ø—Ä–æ–≤–æ–¥–Ω–∏–∫–æ–≤—ã—Ö –ø–æ—Ç–æ–∫
                                                  –æ–≤—ã—Ö –∫—É–±–∏—Ç–æ–≤, —...

You may provide a definition with
\DeclareUnicodeCharacter 


! Package inputenc Error: Unicode character –æ (U+043E)
(inputenc)                not set up for use with LaTeX.

See the inputenc package documentation for explanation.
Type  H <return>  for immediate help.
 ...                                              
                                                  
l.3 ...—Ä—Ö–ø—Ä–æ–≤–æ–¥–Ω–∏–∫–æ–≤—ã—Ö –ø–æ—Ç–æ–∫–æ
                                                  –≤—ã—Ö –∫—É–±–∏—Ç–æ–≤, —Å–...

You may provide a definition with
\DeclareUnicodeCharacter 


! Package inputenc Error: Unicode character –≤ (U+0432)
(inputenc)                not set up for use with LaTeX.

See the inputenc package documentation for explanation.
Type  H <return>  for immediate help.
 ...                                              
                                                  
l.3 ...—Ö–ø—Ä–æ–≤–æ–¥–Ω–∏–∫–æ–≤—ã—Ö –ø–æ—Ç–æ–∫–æ–≤
                                                  —ã—Ö –∫—É–±–∏—Ç–æ–≤, —Å–∏–...

You may provide a definition with
\DeclareUnicodeCharacter 


! Package inputenc Error: Unicode character —ã (U+044B)
(inputenc)                not set up for use with LaTeX.

See the inputenc package documentation for explanation.
Type  H <return>  for immediate help.
 ...                                              
                                                  
l.3 ...–ø—Ä–æ–≤–æ–¥–Ω–∏–∫–æ–≤—ã—Ö –ø–æ—Ç–æ–∫–æ–≤—ã
                                                  —Ö –∫—É–±–∏—Ç–æ–≤, —Å–∏–ª—...

You may provide a definition with
\DeclareUnicodeCharacter 


! Package inputenc Error: Unicode character —Ö (U+0445)
(inputenc)                not set up for use with LaTeX.

See the inputenc package documentation for explanation.
Type  H <return>  for immediate help.
 ...                                              
                                                  
l.3 ...—Ä–æ–≤–æ–¥–Ω–∏–∫–æ–≤—ã—Ö –ø–æ—Ç–æ–∫–æ–≤—ã—Ö
                                                   –∫—É–±–∏—Ç–æ–≤, —Å–∏–ª—å–...

You may provide a definition with
\DeclareUnicodeCharacter 


! Package inputenc Error: Unicode character –∫ (U+043A)
(inputenc)                not set up for use with LaTeX.

See the inputenc package documentation for explanation.
Type  H <return>  for immediate help.
 ...                                              
                                                  
l.3 ...æ–≤–æ–¥–Ω–∏–∫–æ–≤—ã—Ö –ø–æ—Ç–æ–∫–æ–≤—ã—Ö –∫
                                                  —É–±–∏—Ç–æ–≤, —Å–∏–ª—å–Ω–æ...

You may provide a definition with
\DeclareUnicodeCharacter 


! Package inputenc Error: Unicode character —É (U+0443)
(inputenc)                not set up for use with LaTeX.

See the inputenc package documentation for explanation.
Type  H <return>  for immediate help.
 ...                                              
                                                  
l.3 ...≤–æ–¥–Ω–∏–∫–æ–≤—ã—Ö –ø–æ—Ç–æ–∫–æ–≤—ã—Ö –∫—É
                                                  –±–∏—Ç–æ–≤, —Å–∏–ª—å–Ω–æ —...

You may provide a definition with
\DeclareUnicodeCharacter 


! Package inputenc Error: Unicode character –± (U+0431)
(inputenc)                not set up for use with LaTeX.

See the inputenc package documentation for explanation.
Type  H <return>  for immediate help.
 ...                                              
                                                  
l.3 ...æ–¥–Ω–∏–∫–æ–≤—ã—Ö –ø–æ—Ç–æ–∫–æ–≤—ã—Ö –∫—É–±
                                                  –∏—Ç–æ–≤, —Å–∏–ª—å–Ω–æ —Å–...

You may provide a definition with
\DeclareUnicodeCharacter 


! Package inputenc Error: Unicode character –∏ (U+0438)
(inputenc)                not set up for use with LaTeX.

See the inputenc package documentation for explanation.
Type  H <return>  for immediate help.
 ...                                              
                                                  
l.3 ...¥–Ω–∏–∫–æ–≤—ã—Ö –ø–æ—Ç–æ–∫–æ–≤—ã—Ö –∫—É–±–∏
                                                  —Ç–æ–≤, —Å–∏–ª—å–Ω–æ —Å–≤—...

You may provide a definition with
\DeclareUnicodeCharacter 


! Package inputenc Error: Unicode character —Ç (U+0442)
(inputenc)                not set up for use with LaTeX.

See the inputenc package documentation for explanation.
Type  H <return>  for immediate help.
 ...                                              
                                                  
l.3 ...Ω–∏–∫–æ–≤—ã—Ö –ø–æ—Ç–æ–∫–æ–≤—ã—Ö –∫—É–±–∏—Ç
                                                  –æ–≤, —Å–∏–ª—å–Ω–æ —Å–≤—è–...

You may provide a definition with
\DeclareUnicodeCharacter 


! Package inputenc Error: Unicode character –æ (U+043E)
(inputenc)                not set up for use with LaTeX.

See the inputenc package documentation for explanation.
Type  H <return>  for immediate help.
 ...                                              
                                                  
l.3 ...∏–∫–æ–≤—ã—Ö –ø–æ—Ç–æ–∫–æ–≤—ã—Ö –∫—É–±–∏—Ç–æ
                                                  –≤, —Å–∏–ª—å–Ω–æ —Å–≤—è–∑–...

You may provide a definition with
\DeclareUnicodeCharacter 


! Package inputenc Error: Unicode character –≤ (U+0432)
(inputenc)                not set up for use with LaTeX.

See the inputenc package documentation for explanation.
Type  H <return>  for immediate help.
 ...                                              
                                                  
l.3 ...∫–æ–≤—ã—Ö –ø–æ—Ç–æ–∫–æ–≤—ã—Ö –∫—É–±–∏—Ç–æ–≤
                                                  , —Å–∏–ª—å–Ω–æ —Å–≤—è–∑–∞–...

You may provide a definition with
\DeclareUnicodeCharacter 


! LaTeX Error: Missing \begin{document}.

See the LaTeX manual or LaTeX Companion for explanation.
Type  H <return>  for immediate help.
 ...                                              
                                                  
l.3 ...–æ–≤—ã—Ö –ø–æ—Ç–æ–∫–æ–≤—ã—Ö –∫—É–±–∏—Ç–æ–≤,
                                                   —Å–∏–ª—å–Ω–æ —Å–≤—è–∑–∞–Ω...

You're in trouble here.  Try typing  <return>  to proceed.
If that doesn't work, type  X <return>  to quit.

Missing character: There is no , in font nullfont!

! Package inputenc Error: Unicode character —Å (U+0441)
(inputenc)                not set up for use with LaTeX.

See the inputenc package documentation for explanation.
Type  H <return>  for immediate help.
 ...                                              
                                                  
l.3 ...≤—ã—Ö –ø–æ—Ç–æ–∫–æ–≤—ã—Ö –∫—É–±–∏—Ç–æ–≤, —Å
                                                  –∏–ª—å–Ω–æ —Å–≤—è–∑–∞–Ω–Ω—...

You may provide a definition with
\DeclareUnicodeCharacter 


! Package inputenc Error: Unicode character –∏ (U+0438)
(inputenc)                not set up for use with LaTeX.

See the inputenc package documentation for explanation.
Type  H <return>  for immediate help.
 ...                                              
                                                  
l.3 ...ã—Ö –ø–æ—Ç–æ–∫–æ–≤—ã—Ö –∫—É–±–∏—Ç–æ–≤, —Å–∏
                                                  –ª—å–Ω–æ —Å–≤—è–∑–∞–Ω–Ω—ã—...

You may provide a definition with
\DeclareUnicodeCharacter 


! Package inputenc Error: Unicode character –ª (U+043B)
(inputenc)                not set up for use with LaTeX.

See the inputenc package documentation for explanation.
Type  H <return>  for immediate help.
 ...                                              
                                                  
l.3 ...Ö –ø–æ—Ç–æ–∫–æ–≤—ã—Ö –∫—É–±–∏—Ç–æ–≤, —Å–∏–ª
                                                  —å–Ω–æ —Å–≤—è–∑–∞–Ω–Ω—ã—Ö ...

You may provide a definition with
\DeclareUnicodeCharacter 


! Package inputenc Error: Unicode character —å (U+044C)
(inputenc)                not set up for use with LaTeX.

See the inputenc package documentation for explanation.
Type  H <return>  for immediate help.
 ...                                              
                                                  
l.3 ...–ø–æ—Ç–æ–∫–æ–≤—ã—Ö –∫—É–±–∏—Ç–æ–≤, —Å–∏–ª—å
                                                  –Ω–æ —Å–≤—è–∑–∞–Ω–Ω—ã—Ö —Å...

You may provide a definition with
\DeclareUnicodeCharacter 


! Package inputenc Error: Unicode character –Ω (U+043D)
(inputenc)                not set up for use with LaTeX.

See the inputenc package documentation for explanation.
Type  H <return>  for immediate help.
 ...                                              
                                                  
l.3 ...–æ—Ç–æ–∫–æ–≤—ã—Ö –∫—É–±–∏—Ç–æ–≤, —Å–∏–ª—å–Ω
                                                  –æ —Å–≤—è–∑–∞–Ω–Ω—ã—Ö —Å –...

You may provide a definition with
\DeclareUnicodeCharacter 


! Package inputenc Error: Unicode character –æ (U+043E)
(inputenc)                not set up for use with LaTeX.

See the inputenc package documentation for explanation.
Type  H <return>  for immediate help.
 ...                                              
                                                  
l.3 ...—Ç–æ–∫–æ–≤—ã—Ö –∫—É–±–∏—Ç–æ–≤, —Å–∏–ª—å–Ω–æ
                                                   —Å–≤—è–∑–∞–Ω–Ω—ã—Ö —Å –≤–...

You may provide a definition with
\DeclareUnicodeCharacter 


! Package inputenc Error: Unicode character —Å (U+0441)
(inputenc)                not set up for use with LaTeX.

See the inputenc package documentation for explanation.
Type  H <return>  for immediate help.
 ...                                              
                                                  
l.3 ...æ–∫–æ–≤—ã—Ö –∫—É–±–∏—Ç–æ–≤, —Å–∏–ª—å–Ω–æ —Å
                                                  –≤—è–∑–∞–Ω–Ω—ã—Ö —Å –≤–æ–ª...

You may provide a definition with
\DeclareUnicodeCharacter 


! Package inputenc Error: Unicode character –≤ (U+0432)
(inputenc)                not set up for use with LaTeX.

See the inputenc package documentation for explanation.
Type  H <return>  for immediate help.
 ...                                              
                                                  
l.3 ...∫–æ–≤—ã—Ö –∫—É–±–∏—Ç–æ–≤, —Å–∏–ª—å–Ω–æ —Å–≤
                                                  —è–∑–∞–Ω–Ω—ã—Ö —Å –≤–æ–ª–Ω...

You may provide a definition with
\DeclareUnicodeCharacter 


! Package inputenc Error: Unicode character —è (U+044F)
(inputenc)                not set up for use with LaTeX.

See the inputenc package documentation for explanation.
Type  H <return>  for immediate help.
 ...                                              
                                                  
l.3 ...æ–≤—ã—Ö –∫—É–±–∏—Ç–æ–≤, —Å–∏–ª—å–Ω–æ —Å–≤—è
                                                  –∑–∞–Ω–Ω—ã—Ö —Å –≤–æ–ª–Ω–æ...

You may provide a definition with
\DeclareUnicodeCharacter 


! Package inputenc Error: Unicode character –∑ (U+0437)
(inputenc)                not set up for use with LaTeX.

See the inputenc package documentation for explanation.
Type  H <return>  for immediate help.
 ...                                              
                                                  
l.3 ...≤—ã—Ö –∫—É–±–∏—Ç–æ–≤, —Å–∏–ª—å–Ω–æ —Å–≤—è–∑
                                                  –∞–Ω–Ω—ã—Ö —Å –≤–æ–ª–Ω–æ–≤...

You may provide a definition with
\DeclareUnicodeCharacter 


! Package inputenc Error: Unicode character –∞ (U+0430)
(inputenc)                not set up for use with LaTeX.

See the inputenc package documentation for explanation.
Type  H <return>  for immediate help.
 ...                                              
                                                  
l.3 ...ã—Ö –∫—É–±–∏—Ç–æ–≤, —Å–∏–ª—å–Ω–æ —Å–≤—è–∑–∞
                                                  –Ω–Ω—ã—Ö —Å –≤–æ–ª–Ω–æ–≤–æ...

You may provide a definition with
\DeclareUnicodeCharacter 


! Package inputenc Error: Unicode character –Ω (U+043D)
(inputenc)                not set up for use with LaTeX.

See the inputenc package documentation for explanation.
Type  H <return>  for immediate help.
 ...                                              
                                                  
l.3 ...Ö –∫—É–±–∏—Ç–æ–≤, —Å–∏–ª—å–Ω–æ —Å–≤—è–∑–∞–Ω
                                                  –Ω—ã—Ö —Å –≤–æ–ª–Ω–æ–≤–æ–¥...

You may provide a definition with
\DeclareUnicodeCharacter 


! Package inputenc Error: Unicode character –Ω (U+043D)
(inputenc)                not set up for use with LaTeX.

See the inputenc package documentation for explanation.
Type  H <return>  for immediate help.
 ...                                              
                                                  
l.3 ...–∫—É–±–∏—Ç–æ–≤, —Å–∏–ª—å–Ω–æ —Å–≤—è–∑–∞–Ω–Ω
                                                  —ã—Ö —Å –≤–æ–ª–Ω–æ–≤–æ–¥–æ...

You may provide a definition with
\DeclareUnicodeCharacter 


! Package inputenc Error: Unicode character —ã (U+044B)
(inputenc)                not set up for use with LaTeX.

See the inputenc package documentation for explanation.
Type  H <return>  for immediate help.
 ...                                              
                                                  
l.3 ...—É–±–∏—Ç–æ–≤, —Å–∏–ª—å–Ω–æ —Å–≤—è–∑–∞–Ω–Ω—ã
                                                  —Ö —Å –≤–æ–ª–Ω–æ–≤–æ–¥–æ–º...

You may provide a definition with
\DeclareUnicodeCharacter 


! Package inputenc Error: Unicode character —Ö (U+0445)
(inputenc)                not set up for use with LaTeX.

See the inputenc package documentation for explanation.
Type  H <return>  for immediate help.
 ...                                              
                                                  
l.3 ...–±–∏—Ç–æ–≤, —Å–∏–ª—å–Ω–æ —Å–≤—è–∑–∞–Ω–Ω—ã—Ö
                                                   —Å –≤–æ–ª–Ω–æ–≤–æ–¥–æ–º -...

You may provide a definition with
\DeclareUnicodeCharacter 


! Package inputenc Error: Unicode character —Å (U+0441)
(inputenc)                not set up for use with LaTeX.

See the inputenc package documentation for explanation.
Type  H <return>  for immediate help.
 ...                                              
                                                  
l.3 ...∏—Ç–æ–≤, —Å–∏–ª—å–Ω–æ —Å–≤—è–∑–∞–Ω–Ω—ã—Ö —Å
                                                   –≤–æ–ª–Ω–æ–≤–æ–¥–æ–º --- ...

You may provide a definition with
\DeclareUnicodeCharacter 


! Package inputenc Error: Unicode character –≤ (U+0432)
(inputenc)                not set up for use with LaTeX.

See the inputenc package documentation for explanation.
Type  H <return>  for immediate help.
 ...                                              
                                                  
l.3 ...–æ–≤, —Å–∏–ª—å–Ω–æ —Å–≤—è–∑–∞–Ω–Ω—ã—Ö —Å –≤
                                                  –æ–ª–Ω–æ–≤–æ–¥–æ–º --- –º–...
(That makes 100 errors; please try again.) 
Here is how much of TeX's memory you used:
 37 strings out of 492449
 566 string characters out of 3129730
 59523 words of memory out of 3000000
 4498 multiletter control sequences out of 15000+200000
 3640 words of font info for 14 fonts, out of 3000000 for 9000
 1141 hyphenation exceptions out of 8191
 10i,0n,10p,2213b,36s stack positions out of 5000i,500n,10000p,200000b,50000s

!  ==> Fatal error occurred, no output PDF file produced!
