This is pdfTeX, Version 3.14159265-2.6-1.40.20 (MiKTeX 2.9.7250 64-bit) (preloaded format=pdflatex 2019.12.24)  21 APR 2020 15:46
entering extended mode
**./part1.tex
(part1.tex
LaTeX2e <2019-10-01> patch level 3
! Undefined control sequence.
l.1 \chapter
            {–≠–ª–µ–º–µ–Ω—Ç—ã —Ñ–∏–∑–∏–∫–∏ —Å–≤–µ—Ä—Ö–ø—Ä–æ–≤–æ–¥—è—â–∏—Ö –∫...
The control sequence at the end of the top line
of your error message was never \def'ed. If you have
misspelled it (e.g., `\hobx'), type `I' and the correct
spelling (e.g., `I\hbox'). Otherwise just continue,
and I'll forget about whatever was undefined.


! Package inputenc Error: Unicode character –≠ (U+042D)
(inputenc)                not set up for use with LaTeX.

See the inputenc package documentation for explanation.
Type  H <return>  for immediate help.
 ...                                              
                                                  
l.1 \chapter{–≠
               –ª–µ–º–µ–Ω—Ç—ã —Ñ–∏–∑–∏–∫–∏ —Å–≤–µ—Ä—Ö–ø—Ä–æ–≤–æ–¥—è—â–∏—Ö –∫...

You may provide a definition with
\DeclareUnicodeCharacter 


! Package inputenc Error: Unicode character –ª (U+043B)
(inputenc)                not set up for use with LaTeX.

See the inputenc package documentation for explanation.
Type  H <return>  for immediate help.
 ...                                              
                                                  
l.1 \chapter{–≠–ª
                 –µ–º–µ–Ω—Ç—ã —Ñ–∏–∑–∏–∫–∏ —Å–≤–µ—Ä—Ö–ø—Ä–æ–≤–æ–¥—è—â–∏—Ö –∫...

You may provide a definition with
\DeclareUnicodeCharacter 


! Package inputenc Error: Unicode character –µ (U+0435)
(inputenc)                not set up for use with LaTeX.

See the inputenc package documentation for explanation.
Type  H <return>  for immediate help.
 ...                                              
                                                  
l.1 \chapter{–≠–ª–µ
                   –º–µ–Ω—Ç—ã —Ñ–∏–∑–∏–∫–∏ —Å–≤–µ—Ä—Ö–ø—Ä–æ–≤–æ–¥—è—â–∏—Ö –∫...

You may provide a definition with
\DeclareUnicodeCharacter 


! Package inputenc Error: Unicode character –º (U+043C)
(inputenc)                not set up for use with LaTeX.

See the inputenc package documentation for explanation.
Type  H <return>  for immediate help.
 ...                                              
                                                  
l.1 \chapter{–≠–ª–µ–º
                     –µ–Ω—Ç—ã —Ñ–∏–∑–∏–∫–∏ —Å–≤–µ—Ä—Ö–ø—Ä–æ–≤–æ–¥—è—â–∏—Ö –∫...

You may provide a definition with
\DeclareUnicodeCharacter 


! Package inputenc Error: Unicode character –µ (U+0435)
(inputenc)                not set up for use with LaTeX.

See the inputenc package documentation for explanation.
Type  H <return>  for immediate help.
 ...                                              
                                                  
l.1 \chapter{–≠–ª–µ–º–µ
                       –Ω—Ç—ã —Ñ–∏–∑–∏–∫–∏ —Å–≤–µ—Ä—Ö–ø—Ä–æ–≤–æ–¥—è—â–∏—Ö –∫...

You may provide a definition with
\DeclareUnicodeCharacter 


! Package inputenc Error: Unicode character –Ω (U+043D)
(inputenc)                not set up for use with LaTeX.

See the inputenc package documentation for explanation.
Type  H <return>  for immediate help.
 ...                                              
                                                  
l.1 \chapter{–≠–ª–µ–º–µ–Ω
                         —Ç—ã —Ñ–∏–∑–∏–∫–∏ —Å–≤–µ—Ä—Ö–ø—Ä–æ–≤–æ–¥—è—â–∏—Ö –∫...

You may provide a definition with
\DeclareUnicodeCharacter 


! Package inputenc Error: Unicode character —Ç (U+0442)
(inputenc)                not set up for use with LaTeX.

See the inputenc package documentation for explanation.
Type  H <return>  for immediate help.
 ...                                              
                                                  
l.1 \chapter{–≠–ª–µ–º–µ–Ω—Ç
                           —ã —Ñ–∏–∑–∏–∫–∏ —Å–≤–µ—Ä—Ö–ø—Ä–æ–≤–æ–¥—è—â–∏—Ö –∫...

You may provide a definition with
\DeclareUnicodeCharacter 


! Package inputenc Error: Unicode character —ã (U+044B)
(inputenc)                not set up for use with LaTeX.

See the inputenc package documentation for explanation.
Type  H <return>  for immediate help.
 ...                                              
                                                  
l.1 \chapter{–≠–ª–µ–º–µ–Ω—Ç—ã
                              —Ñ–∏–∑–∏–∫–∏ —Å–≤–µ—Ä—Ö–ø—Ä–æ–≤–æ–¥—è—â–∏—Ö –∫...

You may provide a definition with
\DeclareUnicodeCharacter 


! Package inputenc Error: Unicode character —Ñ (U+0444)
(inputenc)                not set up for use with LaTeX.

See the inputenc package documentation for explanation.
Type  H <return>  for immediate help.
 ...                                              
                                                  
l.1 \chapter{–≠–ª–µ–º–µ–Ω—Ç—ã —Ñ
                                –∏–∑–∏–∫–∏ —Å–≤–µ—Ä—Ö–ø—Ä–æ–≤–æ–¥—è—â–∏—Ö –∫...

You may provide a definition with
\DeclareUnicodeCharacter 


! Package inputenc Error: Unicode character –∏ (U+0438)
(inputenc)                not set up for use with LaTeX.

See the inputenc package documentation for explanation.
Type  H <return>  for immediate help.
 ...                                              
                                                  
l.1 \chapter{–≠–ª–µ–º–µ–Ω—Ç—ã —Ñ–∏
                                  –∑–∏–∫–∏ —Å–≤–µ—Ä—Ö–ø—Ä–æ–≤–æ–¥—è—â–∏—Ö –∫...

You may provide a definition with
\DeclareUnicodeCharacter 


! Package inputenc Error: Unicode character –∑ (U+0437)
(inputenc)                not set up for use with LaTeX.

See the inputenc package documentation for explanation.
Type  H <return>  for immediate help.
 ...                                              
                                                  
l.1 \chapter{–≠–ª–µ–º–µ–Ω—Ç—ã —Ñ–∏–∑
                                    –∏–∫–∏ —Å–≤–µ—Ä—Ö–ø—Ä–æ–≤–æ–¥—è—â–∏—Ö –∫...

You may provide a definition with
\DeclareUnicodeCharacter 


! Package inputenc Error: Unicode character –∏ (U+0438)
(inputenc)                not set up for use with LaTeX.

See the inputenc package documentation for explanation.
Type  H <return>  for immediate help.
 ...                                              
                                                  
l.1 \chapter{–≠–ª–µ–º–µ–Ω—Ç—ã —Ñ–∏–∑–∏
                                      –∫–∏ —Å–≤–µ—Ä—Ö–ø—Ä–æ–≤–æ–¥—è—â–∏—Ö –∫...

You may provide a definition with
\DeclareUnicodeCharacter 


! Package inputenc Error: Unicode character –∫ (U+043A)
(inputenc)                not set up for use with LaTeX.

See the inputenc package documentation for explanation.
Type  H <return>  for immediate help.
 ...                                              
                                                  
l.1 \chapter{–≠–ª–µ–º–µ–Ω—Ç—ã —Ñ–∏–∑–∏–∫
                                        –∏ —Å–≤–µ—Ä—Ö–ø—Ä–æ–≤–æ–¥—è—â–∏—Ö –∫...

You may provide a definition with
\DeclareUnicodeCharacter 


! Package inputenc Error: Unicode character –∏ (U+0438)
(inputenc)                not set up for use with LaTeX.

See the inputenc package documentation for explanation.
Type  H <return>  for immediate help.
 ...                                              
                                                  
l.1 \chapter{–≠–ª–µ–º–µ–Ω—Ç—ã —Ñ–∏–∑–∏–∫–∏
                                           —Å–≤–µ—Ä—Ö–ø—Ä–æ–≤–æ–¥—è—â–∏—Ö –∫...

You may provide a definition with
\DeclareUnicodeCharacter 


! Package inputenc Error: Unicode character —Å (U+0441)
(inputenc)                not set up for use with LaTeX.

See the inputenc package documentation for explanation.
Type  H <return>  for immediate help.
 ...                                              
                                                  
l.1 \chapter{–≠–ª–µ–º–µ–Ω—Ç—ã —Ñ–∏–∑–∏–∫–∏ —Å
                                             –≤–µ—Ä—Ö–ø—Ä–æ–≤–æ–¥—è—â–∏—Ö –∫...

You may provide a definition with
\DeclareUnicodeCharacter 


! Package inputenc Error: Unicode character –≤ (U+0432)
(inputenc)                not set up for use with LaTeX.

See the inputenc package documentation for explanation.
Type  H <return>  for immediate help.
 ...                                              
                                                  
l.1 \chapter{–≠–ª–µ–º–µ–Ω—Ç—ã —Ñ–∏–∑–∏–∫–∏ —Å–≤
                                               –µ—Ä—Ö–ø—Ä–æ–≤–æ–¥—è—â–∏—Ö –∫...

You may provide a definition with
\DeclareUnicodeCharacter 


! Package inputenc Error: Unicode character –µ (U+0435)
(inputenc)                not set up for use with LaTeX.

See the inputenc package documentation for explanation.
Type  H <return>  for immediate help.
 ...                                              
                                                  
l.1 \chapter{–≠–ª–µ–º–µ–Ω—Ç—ã —Ñ–∏–∑–∏–∫–∏ —Å–≤–µ
                                                 —Ä—Ö–ø—Ä–æ–≤–æ–¥—è—â–∏—Ö –∫...

You may provide a definition with
\DeclareUnicodeCharacter 


! Package inputenc Error: Unicode character —Ä (U+0440)
(inputenc)                not set up for use with LaTeX.

See the inputenc package documentation for explanation.
Type  H <return>  for immediate help.
 ...                                              
                                                  
l.1 ...pter{–≠–ª–µ–º–µ–Ω—Ç—ã —Ñ–∏–∑–∏–∫–∏ —Å–≤–µ—Ä
                                                  —Ö–ø—Ä–æ–≤–æ–¥—è—â–∏—Ö –∫–...

You may provide a definition with
\DeclareUnicodeCharacter 


! Package inputenc Error: Unicode character —Ö (U+0445)
(inputenc)                not set up for use with LaTeX.

See the inputenc package documentation for explanation.
Type  H <return>  for immediate help.
 ...                                              
                                                  
l.1 ...er{–≠–ª–µ–º–µ–Ω—Ç—ã —Ñ–∏–∑–∏–∫–∏ —Å–≤–µ—Ä—Ö
                                                  –ø—Ä–æ–≤–æ–¥—è—â–∏—Ö –∫–≤–...

You may provide a definition with
\DeclareUnicodeCharacter 


! Package inputenc Error: Unicode character –ø (U+043F)
(inputenc)                not set up for use with LaTeX.

See the inputenc package documentation for explanation.
Type  H <return>  for immediate help.
 ...                                              
                                                  
l.1 ...{–≠–ª–µ–º–µ–Ω—Ç—ã —Ñ–∏–∑–∏–∫–∏ —Å–≤–µ—Ä—Ö–ø
                                                  —Ä–æ–≤–æ–¥—è—â–∏—Ö –∫–≤–∞–...

You may provide a definition with
\DeclareUnicodeCharacter 


! Package inputenc Error: Unicode character —Ä (U+0440)
(inputenc)                not set up for use with LaTeX.

See the inputenc package documentation for explanation.
Type  H <return>  for immediate help.
 ...                                              
                                                  
l.1 ...≠–ª–µ–º–µ–Ω—Ç—ã —Ñ–∏–∑–∏–∫–∏ —Å–≤–µ—Ä—Ö–ø—Ä
                                                  –æ–≤–æ–¥—è—â–∏—Ö –∫–≤–∞–Ω—...

You may provide a definition with
\DeclareUnicodeCharacter 


! Package inputenc Error: Unicode character –æ (U+043E)
(inputenc)                not set up for use with LaTeX.

See the inputenc package documentation for explanation.
Type  H <return>  for immediate help.
 ...                                              
                                                  
l.1 ...ª–µ–º–µ–Ω—Ç—ã —Ñ–∏–∑–∏–∫–∏ —Å–≤–µ—Ä—Ö–ø—Ä–æ
                                                  –≤–æ–¥—è—â–∏—Ö –∫–≤–∞–Ω—Ç–...

You may provide a definition with
\DeclareUnicodeCharacter 


! Package inputenc Error: Unicode character –≤ (U+0432)
(inputenc)                not set up for use with LaTeX.

See the inputenc package documentation for explanation.
Type  H <return>  for immediate help.
 ...                                              
                                                  
l.1 ...µ–º–µ–Ω—Ç—ã —Ñ–∏–∑–∏–∫–∏ —Å–≤–µ—Ä—Ö–ø—Ä–æ–≤
                                                  –æ–¥—è—â–∏—Ö –∫–≤–∞–Ω—Ç–æ–...

You may provide a definition with
\DeclareUnicodeCharacter 


! Package inputenc Error: Unicode character –æ (U+043E)
(inputenc)                not set up for use with LaTeX.

See the inputenc package documentation for explanation.
Type  H <return>  for immediate help.
 ...                                              
                                                  
l.1 ...º–µ–Ω—Ç—ã —Ñ–∏–∑–∏–∫–∏ —Å–≤–µ—Ä—Ö–ø—Ä–æ–≤–æ
                                                  –¥—è—â–∏—Ö –∫–≤–∞–Ω—Ç–æ–≤—...

You may provide a definition with
\DeclareUnicodeCharacter 


! Package inputenc Error: Unicode character –¥ (U+0434)
(inputenc)                not set up for use with LaTeX.

See the inputenc package documentation for explanation.
Type  H <return>  for immediate help.
 ...                                              
                                                  
l.1 ...µ–Ω—Ç—ã —Ñ–∏–∑–∏–∫–∏ —Å–≤–µ—Ä—Ö–ø—Ä–æ–≤–æ–¥
                                                  —è—â–∏—Ö –∫–≤–∞–Ω—Ç–æ–≤—ã—...

You may provide a definition with
\DeclareUnicodeCharacter 


! Package inputenc Error: Unicode character —è (U+044F)
(inputenc)                not set up for use with LaTeX.

See the inputenc package documentation for explanation.
Type  H <return>  for immediate help.
 ...                                              
                                                  
l.1 ...Ω—Ç—ã —Ñ–∏–∑–∏–∫–∏ —Å–≤–µ—Ä—Ö–ø—Ä–æ–≤–æ–¥—è
                                                  —â–∏—Ö –∫–≤–∞–Ω—Ç–æ–≤—ã—Ö ...

You may provide a definition with
\DeclareUnicodeCharacter 


! Package inputenc Error: Unicode character —â (U+0449)
(inputenc)                not set up for use with LaTeX.

See the inputenc package documentation for explanation.
Type  H <return>  for immediate help.
 ...                                              
                                                  
l.1 ...Ç—ã —Ñ–∏–∑–∏–∫–∏ —Å–≤–µ—Ä—Ö–ø—Ä–æ–≤–æ–¥—è—â
                                                  –∏—Ö –∫–≤–∞–Ω—Ç–æ–≤—ã—Ö —Ü...

You may provide a definition with
\DeclareUnicodeCharacter 


! Package inputenc Error: Unicode character –∏ (U+0438)
(inputenc)                not set up for use with LaTeX.

See the inputenc package documentation for explanation.
Type  H <return>  for immediate help.
 ...                                              
                                                  
l.1 ...ã —Ñ–∏–∑–∏–∫–∏ —Å–≤–µ—Ä—Ö–ø—Ä–æ–≤–æ–¥—è—â–∏
                                                  —Ö –∫–≤–∞–Ω—Ç–æ–≤—ã—Ö —Ü–µ...

You may provide a definition with
\DeclareUnicodeCharacter 


! Package inputenc Error: Unicode character —Ö (U+0445)
(inputenc)                not set up for use with LaTeX.

See the inputenc package documentation for explanation.
Type  H <return>  for immediate help.
 ...                                              
                                                  
l.1 ...—Ñ–∏–∑–∏–∫–∏ —Å–≤–µ—Ä—Ö–ø—Ä–æ–≤–æ–¥—è—â–∏—Ö
                                                   –∫–≤–∞–Ω—Ç–æ–≤—ã—Ö —Ü–µ–ø...

You may provide a definition with
\DeclareUnicodeCharacter 


! Package inputenc Error: Unicode character –∫ (U+043A)
(inputenc)                not set up for use with LaTeX.

See the inputenc package documentation for explanation.
Type  H <return>  for immediate help.
 ...                                              
                                                  
l.1 ...∏–∑–∏–∫–∏ —Å–≤–µ—Ä—Ö–ø—Ä–æ–≤–æ–¥—è—â–∏—Ö –∫
                                                  –≤–∞–Ω—Ç–æ–≤—ã—Ö —Ü–µ–ø–µ–...

You may provide a definition with
\DeclareUnicodeCharacter 


! Package inputenc Error: Unicode character –≤ (U+0432)
(inputenc)                not set up for use with LaTeX.

See the inputenc package documentation for explanation.
Type  H <return>  for immediate help.
 ...                                              
                                                  
l.1 ...∑–∏–∫–∏ —Å–≤–µ—Ä—Ö–ø—Ä–æ–≤–æ–¥—è—â–∏—Ö –∫–≤
                                                  –∞–Ω—Ç–æ–≤—ã—Ö —Ü–µ–ø–µ–π}...

You may provide a definition with
\DeclareUnicodeCharacter 


! Package inputenc Error: Unicode character –∞ (U+0430)
(inputenc)                not set up for use with LaTeX.

See the inputenc package documentation for explanation.
Type  H <return>  for immediate help.
 ...                                              
                                                  
l.1 ...∏–∫–∏ —Å–≤–µ—Ä—Ö–ø—Ä–æ–≤–æ–¥—è—â–∏—Ö –∫–≤–∞
                                                  –Ω—Ç–æ–≤—ã—Ö —Ü–µ–ø–µ–π} \...

You may provide a definition with
\DeclareUnicodeCharacter 


! Package inputenc Error: Unicode character –Ω (U+043D)
(inputenc)                not set up for use with LaTeX.

See the inputenc package documentation for explanation.
Type  H <return>  for immediate help.
 ...                                              
                                                  
l.1 ...∫–∏ —Å–≤–µ—Ä—Ö–ø—Ä–æ–≤–æ–¥—è—â–∏—Ö –∫–≤–∞–Ω
                                                  —Ç–æ–≤—ã—Ö —Ü–µ–ø–µ–π} \la...

You may provide a definition with
\DeclareUnicodeCharacter 


! Package inputenc Error: Unicode character —Ç (U+0442)
(inputenc)                not set up for use with LaTeX.

See the inputenc package documentation for explanation.
Type  H <return>  for immediate help.
 ...                                              
                                                  
l.1 ...∏ —Å–≤–µ—Ä—Ö–ø—Ä–æ–≤–æ–¥—è—â–∏—Ö –∫–≤–∞–Ω—Ç
                                                  –æ–≤—ã—Ö —Ü–µ–ø–µ–π} \labe...

You may provide a definition with
\DeclareUnicodeCharacter 


! Package inputenc Error: Unicode character –æ (U+043E)
(inputenc)                not set up for use with LaTeX.

See the inputenc package documentation for explanation.
Type  H <return>  for immediate help.
 ...                                              
                                                  
l.1 ...—Å–≤–µ—Ä—Ö–ø—Ä–æ–≤–æ–¥—è—â–∏—Ö –∫–≤–∞–Ω—Ç–æ
                                                  –≤—ã—Ö —Ü–µ–ø–µ–π} \label{c1}

You may provide a definition with
\DeclareUnicodeCharacter 


! Package inputenc Error: Unicode character –≤ (U+0432)
(inputenc)                not set up for use with LaTeX.

See the inputenc package documentation for explanation.
Type  H <return>  for immediate help.
 ...                                              
                                                  
l.1 ...–≤–µ—Ä—Ö–ø—Ä–æ–≤–æ–¥—è—â–∏—Ö –∫–≤–∞–Ω—Ç–æ–≤
                                                  —ã—Ö —Ü–µ–ø–µ–π} \label{c1}
You may provide a definition with
\DeclareUnicodeCharacter 


! Package inputenc Error: Unicode character —ã (U+044B)
(inputenc)                not set up for use with LaTeX.

See the inputenc package documentation for explanation.
Type  H <return>  for immediate help.
 ...                                              
                                                  
l.1 ...–µ—Ä—Ö–ø—Ä–æ–≤–æ–¥—è—â–∏—Ö –∫–≤–∞–Ω—Ç–æ–≤—ã
                                                  —Ö —Ü–µ–ø–µ–π} \label{c1}
You may provide a definition with
\DeclareUnicodeCharacter 


! Package inputenc Error: Unicode character —Ö (U+0445)
(inputenc)                not set up for use with LaTeX.

See the inputenc package documentation for explanation.
Type  H <return>  for immediate help.
 ...                                              
                                                  
l.1 ...—Ä—Ö–ø—Ä–æ–≤–æ–¥—è—â–∏—Ö –∫–≤–∞–Ω—Ç–æ–≤—ã—Ö
                                                   —Ü–µ–ø–µ–π} \label{c1}
You may provide a definition with
\DeclareUnicodeCharacter 


! Package inputenc Error: Unicode character —Ü (U+0446)
(inputenc)                not set up for use with LaTeX.

See the inputenc package documentation for explanation.
Type  H <return>  for immediate help.
 ...                                              
                                                  
l.1 ...Ö–ø—Ä–æ–≤–æ–¥—è—â–∏—Ö –∫–≤–∞–Ω—Ç–æ–≤—ã—Ö —Ü
                                                  –µ–ø–µ–π} \label{c1}
You may provide a definition with
\DeclareUnicodeCharacter 


! Package inputenc Error: Unicode character –µ (U+0435)
(inputenc)                not set up for use with LaTeX.

See the inputenc package documentation for explanation.
Type  H <return>  for immediate help.
 ...                                              
                                                  
l.1 ...ø—Ä–æ–≤–æ–¥—è—â–∏—Ö –∫–≤–∞–Ω—Ç–æ–≤—ã—Ö —Ü–µ
                                                  –ø–µ–π} \label{c1}
You may provide a definition with
\DeclareUnicodeCharacter 


! Package inputenc Error: Unicode character –ø (U+043F)
(inputenc)                not set up for use with LaTeX.

See the inputenc package documentation for explanation.
Type  H <return>  for immediate help.
 ...                                              
                                                  
l.1 ...Ä–æ–≤–æ–¥—è—â–∏—Ö –∫–≤–∞–Ω—Ç–æ–≤—ã—Ö —Ü–µ–ø
                                                  –µ–π} \label{c1}
You may provide a definition with
\DeclareUnicodeCharacter 


! Package inputenc Error: Unicode character –µ (U+0435)
(inputenc)                not set up for use with LaTeX.

See the inputenc package documentation for explanation.
Type  H <return>  for immediate help.
 ...                                              
                                                  
l.1 ...æ–≤–æ–¥—è—â–∏—Ö –∫–≤–∞–Ω—Ç–æ–≤—ã—Ö —Ü–µ–ø–µ
                                                  –π} \label{c1}
You may provide a definition with
\DeclareUnicodeCharacter 


! Package inputenc Error: Unicode character –π (U+0439)
(inputenc)                not set up for use with LaTeX.

See the inputenc package documentation for explanation.
Type  H <return>  for immediate help.
 ...                                              
                                                  
l.1 ...≤–æ–¥—è—â–∏—Ö –∫–≤–∞–Ω—Ç–æ–≤—ã—Ö —Ü–µ–ø–µ–π
                                                  } \label{c1}
You may provide a definition with
\DeclareUnicodeCharacter 


! Package inputenc Error: Unicode character –í (U+0412)
(inputenc)                not set up for use with LaTeX.

See the inputenc package documentation for explanation.
Type  H <return>  for immediate help.
 ...                                              
                                                  
l.3 –í
       –ì–ª–∞–≤–µ \ref{c1} –∫—Ä–∞—Ç–∫–æ –∏–∑–ª–∞–≥–∞—é—Ç—Å—è —ç–ª–µ–º–µ–Ω—Ç—...

You may provide a definition with
\DeclareUnicodeCharacter 


! Package inputenc Error: Unicode character –ì (U+0413)
(inputenc)                not set up for use with LaTeX.

See the inputenc package documentation for explanation.
Type  H <return>  for immediate help.
 ...                                              
                                                  
l.3 –í –ì
         –ª–∞–≤–µ \ref{c1} –∫—Ä–∞—Ç–∫–æ –∏–∑–ª–∞–≥–∞—é—Ç—Å—è —ç–ª–µ–º–µ–Ω—Ç—...

You may provide a definition with
\DeclareUnicodeCharacter 


! Package inputenc Error: Unicode character –ª (U+043B)
(inputenc)                not set up for use with LaTeX.

See the inputenc package documentation for explanation.
Type  H <return>  for immediate help.
 ...                                              
                                                  
l.3 –í –ì–ª
           –∞–≤–µ \ref{c1} –∫—Ä–∞—Ç–∫–æ –∏–∑–ª–∞–≥–∞—é—Ç—Å—è —ç–ª–µ–º–µ–Ω—Ç—...

You may provide a definition with
\DeclareUnicodeCharacter 


! Package inputenc Error: Unicode character –∞ (U+0430)
(inputenc)                not set up for use with LaTeX.

See the inputenc package documentation for explanation.
Type  H <return>  for immediate help.
 ...                                              
                                                  
l.3 –í –ì–ª–∞
             –≤–µ \ref{c1} –∫—Ä–∞—Ç–∫–æ –∏–∑–ª–∞–≥–∞—é—Ç—Å—è —ç–ª–µ–º–µ–Ω—Ç—...

You may provide a definition with
\DeclareUnicodeCharacter 


! Package inputenc Error: Unicode character –≤ (U+0432)
(inputenc)                not set up for use with LaTeX.

See the inputenc package documentation for explanation.
Type  H <return>  for immediate help.
 ...                                              
                                                  
l.3 –í –ì–ª–∞–≤
               –µ \ref{c1} –∫—Ä–∞—Ç–∫–æ –∏–∑–ª–∞–≥–∞—é—Ç—Å—è —ç–ª–µ–º–µ–Ω—Ç—...

You may provide a definition with
\DeclareUnicodeCharacter 


! Package inputenc Error: Unicode character –µ (U+0435)
(inputenc)                not set up for use with LaTeX.

See the inputenc package documentation for explanation.
Type  H <return>  for immediate help.
 ...                                              
                                                  
l.3 –í –ì–ª–∞–≤–µ
                  \ref{c1} –∫—Ä–∞—Ç–∫–æ –∏–∑–ª–∞–≥–∞—é—Ç—Å—è —ç–ª–µ–º–µ–Ω—Ç—...

You may provide a definition with
\DeclareUnicodeCharacter 


! LaTeX Error: Missing \begin{document}.

See the LaTeX manual or LaTeX Companion for explanation.
Type  H <return>  for immediate help.
 ...                                              
                                                  
l.3 –í –ì–ª–∞–≤–µ \ref{c1}
                           –∫—Ä–∞—Ç–∫–æ –∏–∑–ª–∞–≥–∞—é—Ç—Å—è —ç–ª–µ–º–µ–Ω—Ç—...

You're in trouble here.  Try typing  <return>  to proceed.
If that doesn't work, type  X <return>  to quit.

! Undefined control sequence.
<write> ...rning: Reference `c1' on page \thepage 
                                                  \space undefined\on@line .
l.3 –í –ì–ª–∞–≤–µ \ref{c1}
                           –∫—Ä–∞—Ç–∫–æ –∏–∑–ª–∞–≥–∞—é—Ç—Å—è —ç–ª–µ–º–µ–Ω—Ç—...
The control sequence at the end of the top line
of your error message was never \def'ed. If you have
misspelled it (e.g., `\hobx'), type `I' and the correct
spelling (e.g., `I\hbox'). Otherwise just continue,
and I'll forget about whatever was undefined.


LaTeX Warning: Reference `c1' on page  undefined on input line 3.


! Package inputenc Error: Unicode character –∫ (U+043A)
(inputenc)                not set up for use with LaTeX.

See the inputenc package documentation for explanation.
Type  H <return>  for immediate help.
 ...                                              
                                                  
l.3 –í –ì–ª–∞–≤–µ \ref{c1} –∫
                             —Ä–∞—Ç–∫–æ –∏–∑–ª–∞–≥–∞—é—Ç—Å—è —ç–ª–µ–º–µ–Ω—Ç—...

You may provide a definition with
\DeclareUnicodeCharacter 


! Package inputenc Error: Unicode character —Ä (U+0440)
(inputenc)                not set up for use with LaTeX.

See the inputenc package documentation for explanation.
Type  H <return>  for immediate help.
 ...                                              
                                                  
l.3 –í –ì–ª–∞–≤–µ \ref{c1} –∫—Ä
                               –∞—Ç–∫–æ –∏–∑–ª–∞–≥–∞—é—Ç—Å—è —ç–ª–µ–º–µ–Ω—Ç—...

You may provide a definition with
\DeclareUnicodeCharacter 


! Package inputenc Error: Unicode character –∞ (U+0430)
(inputenc)                not set up for use with LaTeX.

See the inputenc package documentation for explanation.
Type  H <return>  for immediate help.
 ...                                              
                                                  
l.3 –í –ì–ª–∞–≤–µ \ref{c1} –∫—Ä–∞
                                 —Ç–∫–æ –∏–∑–ª–∞–≥–∞—é—Ç—Å—è —ç–ª–µ–º–µ–Ω—Ç—...

You may provide a definition with
\DeclareUnicodeCharacter 


! Package inputenc Error: Unicode character —Ç (U+0442)
(inputenc)                not set up for use with LaTeX.

See the inputenc package documentation for explanation.
Type  H <return>  for immediate help.
 ...                                              
                                                  
l.3 –í –ì–ª–∞–≤–µ \ref{c1} –∫—Ä–∞—Ç
                                   –∫–æ –∏–∑–ª–∞–≥–∞—é—Ç—Å—è —ç–ª–µ–º–µ–Ω—Ç—...

You may provide a definition with
\DeclareUnicodeCharacter 


! Package inputenc Error: Unicode character –∫ (U+043A)
(inputenc)                not set up for use with LaTeX.

See the inputenc package documentation for explanation.
Type  H <return>  for immediate help.
 ...                                              
                                                  
l.3 –í –ì–ª–∞–≤–µ \ref{c1} –∫—Ä–∞—Ç–∫
                                     –æ –∏–∑–ª–∞–≥–∞—é—Ç—Å—è —ç–ª–µ–º–µ–Ω—Ç—...

You may provide a definition with
\DeclareUnicodeCharacter 


! Package inputenc Error: Unicode character –æ (U+043E)
(inputenc)                not set up for use with LaTeX.

See the inputenc package documentation for explanation.
Type  H <return>  for immediate help.
 ...                                              
                                                  
l.3 –í –ì–ª–∞–≤–µ \ref{c1} –∫—Ä–∞—Ç–∫–æ
                                        –∏–∑–ª–∞–≥–∞—é—Ç—Å—è —ç–ª–µ–º–µ–Ω—Ç—...

You may provide a definition with
\DeclareUnicodeCharacter 


! Package inputenc Error: Unicode character –∏ (U+0438)
(inputenc)                not set up for use with LaTeX.

See the inputenc package documentation for explanation.
Type  H <return>  for immediate help.
 ...                                              
                                                  
l.3 –í –ì–ª–∞–≤–µ \ref{c1} –∫—Ä–∞—Ç–∫–æ –∏
                                          –∑–ª–∞–≥–∞—é—Ç—Å—è —ç–ª–µ–º–µ–Ω—Ç—...

You may provide a definition with
\DeclareUnicodeCharacter 


! Package inputenc Error: Unicode character –∑ (U+0437)
(inputenc)                not set up for use with LaTeX.

See the inputenc package documentation for explanation.
Type  H <return>  for immediate help.
 ...                                              
                                                  
l.3 –í –ì–ª–∞–≤–µ \ref{c1} –∫—Ä–∞—Ç–∫–æ –∏–∑
                                            –ª–∞–≥–∞—é—Ç—Å—è —ç–ª–µ–º–µ–Ω—Ç—...

You may provide a definition with
\DeclareUnicodeCharacter 


! Package inputenc Error: Unicode character –ª (U+043B)
(inputenc)                not set up for use with LaTeX.

See the inputenc package documentation for explanation.
Type  H <return>  for immediate help.
 ...                                              
                                                  
l.3 –í –ì–ª–∞–≤–µ \ref{c1} –∫—Ä–∞—Ç–∫–æ –∏–∑–ª
                                              –∞–≥–∞—é—Ç—Å—è —ç–ª–µ–º–µ–Ω—Ç—...

You may provide a definition with
\DeclareUnicodeCharacter 


! Package inputenc Error: Unicode character –∞ (U+0430)
(inputenc)                not set up for use with LaTeX.

See the inputenc package documentation for explanation.
Type  H <return>  for immediate help.
 ...                                              
                                                  
l.3 –í –ì–ª–∞–≤–µ \ref{c1} –∫—Ä–∞—Ç–∫–æ –∏–∑–ª–∞
                                                –≥–∞—é—Ç—Å—è —ç–ª–µ–º–µ–Ω—Ç—...

You may provide a definition with
\DeclareUnicodeCharacter 


! Package inputenc Error: Unicode character –≥ (U+0433)
(inputenc)                not set up for use with LaTeX.

See the inputenc package documentation for explanation.
Type  H <return>  for immediate help.
 ...                                              
                                                  
l.3 –í –ì–ª–∞–≤–µ \ref{c1} –∫—Ä–∞—Ç–∫–æ –∏–∑–ª–∞–≥
                                                  –∞—é—Ç—Å—è —ç–ª–µ–º–µ–Ω—Ç—...

You may provide a definition with
\DeclareUnicodeCharacter 


! Package inputenc Error: Unicode character –∞ (U+0430)
(inputenc)                not set up for use with LaTeX.

See the inputenc package documentation for explanation.
Type  H <return>  for immediate help.
 ...                                              
                                                  
l.3 ...–ª–∞–≤–µ \ref{c1} –∫—Ä–∞—Ç–∫–æ –∏–∑–ª–∞–≥–∞
                                                  —é—Ç—Å—è —ç–ª–µ–º–µ–Ω—Ç—ã ...

You may provide a definition with
\DeclareUnicodeCharacter 


! Package inputenc Error: Unicode character —é (U+044E)
(inputenc)                not set up for use with LaTeX.

See the inputenc package documentation for explanation.
Type  H <return>  for immediate help.
 ...                                              
                                                  
l.3 ...–∞–≤–µ \ref{c1} –∫—Ä–∞—Ç–∫–æ –∏–∑–ª–∞–≥–∞—é
                                                  —Ç—Å—è —ç–ª–µ–º–µ–Ω—Ç—ã —Ñ...

You may provide a definition with
\DeclareUnicodeCharacter 


! Package inputenc Error: Unicode character —Ç (U+0442)
(inputenc)                not set up for use with LaTeX.

See the inputenc package documentation for explanation.
Type  H <return>  for immediate help.
 ...                                              
                                                  
l.3 ...–≤–µ \ref{c1} –∫—Ä–∞—Ç–∫–æ –∏–∑–ª–∞–≥–∞—é—Ç
                                                  —Å—è —ç–ª–µ–º–µ–Ω—Ç—ã —Ñ–∏...

You may provide a definition with
\DeclareUnicodeCharacter 


! Package inputenc Error: Unicode character —Å (U+0441)
(inputenc)                not set up for use with LaTeX.

See the inputenc package documentation for explanation.
Type  H <return>  for immediate help.
 ...                                              
                                                  
l.3 ...–µ \ref{c1} –∫—Ä–∞—Ç–∫–æ –∏–∑–ª–∞–≥–∞—é—Ç—Å
                                                  —è —ç–ª–µ–º–µ–Ω—Ç—ã —Ñ–∏–∑...

You may provide a definition with
\DeclareUnicodeCharacter 


! Package inputenc Error: Unicode character —è (U+044F)
(inputenc)                not set up for use with LaTeX.

See the inputenc package documentation for explanation.
Type  H <return>  for immediate help.
 ...                                              
                                                  
l.3 ... \ref{c1} –∫—Ä–∞—Ç–∫–æ –∏–∑–ª–∞–≥–∞—é—Ç—Å—è
                                                   —ç–ª–µ–º–µ–Ω—Ç—ã —Ñ–∏–∑–∏...

You may provide a definition with
\DeclareUnicodeCharacter 


! Package inputenc Error: Unicode character —ç (U+044D)
(inputenc)                not set up for use with LaTeX.

See the inputenc package documentation for explanation.
Type  H <return>  for immediate help.
 ...                                              
                                                  
l.3 ...ef{c1} –∫—Ä–∞—Ç–∫–æ –∏–∑–ª–∞–≥–∞—é—Ç—Å—è —ç
                                                  –ª–µ–º–µ–Ω—Ç—ã —Ñ–∏–∑–∏–∫–...

You may provide a definition with
\DeclareUnicodeCharacter 


! Package inputenc Error: Unicode character –ª (U+043B)
(inputenc)                not set up for use with LaTeX.

See the inputenc package documentation for explanation.
Type  H <return>  for immediate help.
 ...                                              
                                                  
l.3 ...{c1} –∫—Ä–∞—Ç–∫–æ –∏–∑–ª–∞–≥–∞—é—Ç—Å—è —ç–ª
                                                  –µ–º–µ–Ω—Ç—ã —Ñ–∏–∑–∏–∫–∏ ...

You may provide a definition with
\DeclareUnicodeCharacter 


! Package inputenc Error: Unicode character –µ (U+0435)
(inputenc)                not set up for use with LaTeX.

See the inputenc package documentation for explanation.
Type  H <return>  for immediate help.
 ...                                              
                                                  
l.3 ...1} –∫—Ä–∞—Ç–∫–æ –∏–∑–ª–∞–≥–∞—é—Ç—Å—è —ç–ª–µ
                                                  –º–µ–Ω—Ç—ã —Ñ–∏–∑–∏–∫–∏ —Å...

You may provide a definition with
\DeclareUnicodeCharacter 


! Package inputenc Error: Unicode character –º (U+043C)
(inputenc)                not set up for use with LaTeX.

See the inputenc package documentation for explanation.
Type  H <return>  for immediate help.
 ...                                              
                                                  
l.3 ... –∫—Ä–∞—Ç–∫–æ –∏–∑–ª–∞–≥–∞—é—Ç—Å—è —ç–ª–µ–º
                                                  –µ–Ω—Ç—ã —Ñ–∏–∑–∏–∫–∏ —Å–≤...

You may provide a definition with
\DeclareUnicodeCharacter 


! Package inputenc Error: Unicode character –µ (U+0435)
(inputenc)                not set up for use with LaTeX.

See the inputenc package documentation for explanation.
Type  H <return>  for immediate help.
 ...                                              
                                                  
l.3 ...∫—Ä–∞—Ç–∫–æ –∏–∑–ª–∞–≥–∞—é—Ç—Å—è —ç–ª–µ–º–µ
                                                  –Ω—Ç—ã —Ñ–∏–∑–∏–∫–∏ —Å–≤–µ...

You may provide a definition with
\DeclareUnicodeCharacter 


! Package inputenc Error: Unicode character –Ω (U+043D)
(inputenc)                not set up for use with LaTeX.

See the inputenc package documentation for explanation.
Type  H <return>  for immediate help.
 ...                                              
                                                  
l.3 ...Ä–∞—Ç–∫–æ –∏–∑–ª–∞–≥–∞—é—Ç—Å—è —ç–ª–µ–º–µ–Ω
                                                  —Ç—ã —Ñ–∏–∑–∏–∫–∏ —Å–≤–µ—Ä...

You may provide a definition with
\DeclareUnicodeCharacter 


! Package inputenc Error: Unicode character —Ç (U+0442)
(inputenc)                not set up for use with LaTeX.

See the inputenc package documentation for explanation.
Type  H <return>  for immediate help.
 ...                                              
                                                  
l.3 ...∞—Ç–∫–æ –∏–∑–ª–∞–≥–∞—é—Ç—Å—è —ç–ª–µ–º–µ–Ω—Ç
                                                  —ã —Ñ–∏–∑–∏–∫–∏ —Å–≤–µ—Ä—Ö...

You may provide a definition with
\DeclareUnicodeCharacter 


! Package inputenc Error: Unicode character —ã (U+044B)
(inputenc)                not set up for use with LaTeX.

See the inputenc package documentation for explanation.
Type  H <return>  for immediate help.
 ...                                              
                                                  
l.3 ...Ç–∫–æ –∏–∑–ª–∞–≥–∞—é—Ç—Å—è —ç–ª–µ–º–µ–Ω—Ç—ã
                                                   —Ñ–∏–∑–∏–∫–∏ —Å–≤–µ—Ä—Ö–ø...

You may provide a definition with
\DeclareUnicodeCharacter 


! Package inputenc Error: Unicode character —Ñ (U+0444)
(inputenc)                not set up for use with LaTeX.

See the inputenc package documentation for explanation.
Type  H <return>  for immediate help.
 ...                                              
                                                  
l.3 ...–æ –∏–∑–ª–∞–≥–∞—é—Ç—Å—è —ç–ª–µ–º–µ–Ω—Ç—ã —Ñ
                                                  –∏–∑–∏–∫–∏ —Å–≤–µ—Ä—Ö–ø—Ä–...

You may provide a definition with
\DeclareUnicodeCharacter 


! Package inputenc Error: Unicode character –∏ (U+0438)
(inputenc)                not set up for use with LaTeX.

See the inputenc package documentation for explanation.
Type  H <return>  for immediate help.
 ...                                              
                                                  
l.3 ... –∏–∑–ª–∞–≥–∞—é—Ç—Å—è —ç–ª–µ–º–µ–Ω—Ç—ã —Ñ–∏
                                                  –∑–∏–∫–∏ —Å–≤–µ—Ä—Ö–ø—Ä–æ–...

You may provide a definition with
\DeclareUnicodeCharacter 


! Package inputenc Error: Unicode character –∑ (U+0437)
(inputenc)                not set up for use with LaTeX.

See the inputenc package documentation for explanation.
Type  H <return>  for immediate help.
 ...                                              
                                                  
l.3 ...∏–∑–ª–∞–≥–∞—é—Ç—Å—è —ç–ª–µ–º–µ–Ω—Ç—ã —Ñ–∏–∑
                                                  –∏–∫–∏ —Å–≤–µ—Ä—Ö–ø—Ä–æ–≤–...

You may provide a definition with
\DeclareUnicodeCharacter 


! Package inputenc Error: Unicode character –∏ (U+0438)
(inputenc)                not set up for use with LaTeX.

See the inputenc package documentation for explanation.
Type  H <return>  for immediate help.
 ...                                              
                                                  
l.3 ...∑–ª–∞–≥–∞—é—Ç—Å—è —ç–ª–µ–º–µ–Ω—Ç—ã —Ñ–∏–∑–∏
                                                  –∫–∏ —Å–≤–µ—Ä—Ö–ø—Ä–æ–≤–æ–...

You may provide a definition with
\DeclareUnicodeCharacter 


! Package inputenc Error: Unicode character –∫ (U+043A)
(inputenc)                not set up for use with LaTeX.

See the inputenc package documentation for explanation.
Type  H <return>  for immediate help.
 ...                                              
                                                  
l.3 ...ª–∞–≥–∞—é—Ç—Å—è —ç–ª–µ–º–µ–Ω—Ç—ã —Ñ–∏–∑–∏–∫
                                                  –∏ —Å–≤–µ—Ä—Ö–ø—Ä–æ–≤–æ–¥–...

You may provide a definition with
\DeclareUnicodeCharacter 


! Package inputenc Error: Unicode character –∏ (U+0438)
(inputenc)                not set up for use with LaTeX.

See the inputenc package documentation for explanation.
Type  H <return>  for immediate help.
 ...                                              
                                                  
l.3 ...∞–≥–∞—é—Ç—Å—è —ç–ª–µ–º–µ–Ω—Ç—ã —Ñ–∏–∑–∏–∫–∏
                                                   —Å–≤–µ—Ä—Ö–ø—Ä–æ–≤–æ–¥–∏–...

You may provide a definition with
\DeclareUnicodeCharacter 


! Package inputenc Error: Unicode character —Å (U+0441)
(inputenc)                not set up for use with LaTeX.

See the inputenc package documentation for explanation.
Type  H <return>  for immediate help.
 ...                                              
                                                  
l.3 ...–∞—é—Ç—Å—è —ç–ª–µ–º–µ–Ω—Ç—ã —Ñ–∏–∑–∏–∫–∏ —Å
                                                  –≤–µ—Ä—Ö–ø—Ä–æ–≤–æ–¥–∏–º–æ...

You may provide a definition with
\DeclareUnicodeCharacter 


! Package inputenc Error: Unicode character –≤ (U+0432)
(inputenc)                not set up for use with LaTeX.

See the inputenc package documentation for explanation.
Type  H <return>  for immediate help.
 ...                                              
                                                  
l.3 ...—é—Ç—Å—è —ç–ª–µ–º–µ–Ω—Ç—ã —Ñ–∏–∑–∏–∫–∏ —Å–≤
                                                  –µ—Ä—Ö–ø—Ä–æ–≤–æ–¥–∏–º–æ—Å...

You may provide a definition with
\DeclareUnicodeCharacter 


! Package inputenc Error: Unicode character –µ (U+0435)
(inputenc)                not set up for use with LaTeX.

See the inputenc package documentation for explanation.
Type  H <return>  for immediate help.
 ...                                              
                                                  
l.3 ...—Ç—Å—è —ç–ª–µ–º–µ–Ω—Ç—ã —Ñ–∏–∑–∏–∫–∏ —Å–≤–µ
                                                  —Ä—Ö–ø—Ä–æ–≤–æ–¥–∏–º–æ—Å—Ç...

You may provide a definition with
\DeclareUnicodeCharacter 


! Package inputenc Error: Unicode character —Ä (U+0440)
(inputenc)                not set up for use with LaTeX.

See the inputenc package documentation for explanation.
Type  H <return>  for immediate help.
 ...                                              
                                                  
l.3 ...—Å—è —ç–ª–µ–º–µ–Ω—Ç—ã —Ñ–∏–∑–∏–∫–∏ —Å–≤–µ—Ä
                                                  —Ö–ø—Ä–æ–≤–æ–¥–∏–º–æ—Å—Ç–∏...

You may provide a definition with
\DeclareUnicodeCharacter 


! Package inputenc Error: Unicode character —Ö (U+0445)
(inputenc)                not set up for use with LaTeX.

See the inputenc package documentation for explanation.
Type  H <return>  for immediate help.
 ...                                              
                                                  
l.3 ...—è —ç–ª–µ–º–µ–Ω—Ç—ã —Ñ–∏–∑–∏–∫–∏ —Å–≤–µ—Ä—Ö
                                                  –ø—Ä–æ–≤–æ–¥–∏–º–æ—Å—Ç–∏, ...

You may provide a definition with
\DeclareUnicodeCharacter 


! Package inputenc Error: Unicode character –ø (U+043F)
(inputenc)                not set up for use with LaTeX.

See the inputenc package documentation for explanation.
Type  H <return>  for immediate help.
 ...                                              
                                                  
l.3 ... —ç–ª–µ–º–µ–Ω—Ç—ã —Ñ–∏–∑–∏–∫–∏ —Å–≤–µ—Ä—Ö–ø
                                                  —Ä–æ–≤–æ–¥–∏–º–æ—Å—Ç–∏, –°...

You may provide a definition with
\DeclareUnicodeCharacter 


! Package inputenc Error: Unicode character —Ä (U+0440)
(inputenc)                not set up for use with LaTeX.

See the inputenc package documentation for explanation.
Type  H <return>  for immediate help.
 ...                                              
                                                  
l.3 ...ç–ª–µ–º–µ–Ω—Ç—ã —Ñ–∏–∑–∏–∫–∏ —Å–≤–µ—Ä—Ö–ø—Ä
                                                  –æ–≤–æ–¥–∏–º–æ—Å—Ç–∏, –°–ö...

You may provide a definition with
\DeclareUnicodeCharacter 


! Package inputenc Error: Unicode character –æ (U+043E)
(inputenc)                not set up for use with LaTeX.

See the inputenc package documentation for explanation.
Type  H <return>  for immediate help.
 ...                                              
                                                  
l.3 ...ª–µ–º–µ–Ω—Ç—ã —Ñ–∏–∑–∏–∫–∏ —Å–≤–µ—Ä—Ö–ø—Ä–æ
                                                  –≤–æ–¥–∏–º–æ—Å—Ç–∏, –°–ö–¶...

You may provide a definition with
\DeclareUnicodeCharacter 


! Package inputenc Error: Unicode character –≤ (U+0432)
(inputenc)                not set up for use with LaTeX.

See the inputenc package documentation for explanation.
Type  H <return>  for immediate help.
 ...                                              
                                                  
l.3 ...µ–º–µ–Ω—Ç—ã —Ñ–∏–∑–∏–∫–∏ —Å–≤–µ—Ä—Ö–ø—Ä–æ–≤
                                                  –æ–¥–∏–º–æ—Å—Ç–∏, –°–ö–¶ –...

You may provide a definition with
\DeclareUnicodeCharacter 


! Package inputenc Error: Unicode character –æ (U+043E)
(inputenc)                not set up for use with LaTeX.

See the inputenc package documentation for explanation.
Type  H <return>  for immediate help.
 ...                                              
                                                  
l.3 ...º–µ–Ω—Ç—ã —Ñ–∏–∑–∏–∫–∏ —Å–≤–µ—Ä—Ö–ø—Ä–æ–≤–æ
                                                  –¥–∏–º–æ—Å—Ç–∏, –°–ö–¶ –∏ ...

You may provide a definition with
\DeclareUnicodeCharacter 


! Package inputenc Error: Unicode character –¥ (U+0434)
(inputenc)                not set up for use with LaTeX.

See the inputenc package documentation for explanation.
Type  H <return>  for immediate help.
 ...                                              
                                                  
l.3 ...µ–Ω—Ç—ã —Ñ–∏–∑–∏–∫–∏ —Å–≤–µ—Ä—Ö–ø—Ä–æ–≤–æ–¥
                                                  –∏–º–æ—Å—Ç–∏, –°–ö–¶ –∏ –∫...

You may provide a definition with
\DeclareUnicodeCharacter 


! Package inputenc Error: Unicode character –∏ (U+0438)
(inputenc)                not set up for use with LaTeX.

See the inputenc package documentation for explanation.
Type  H <return>  for immediate help.
 ...                                              
                                                  
l.3 ...Ω—Ç—ã —Ñ–∏–∑–∏–∫–∏ —Å–≤–µ—Ä—Ö–ø—Ä–æ–≤–æ–¥–∏
                                                  –º–æ—Å—Ç–∏, –°–ö–¶ –∏ –∫–≤...

You may provide a definition with
\DeclareUnicodeCharacter 


! Package inputenc Error: Unicode character –º (U+043C)
(inputenc)                not set up for use with LaTeX.

See the inputenc package documentation for explanation.
Type  H <return>  for immediate help.
 ...                                              
                                                  
l.3 ...Ç—ã —Ñ–∏–∑–∏–∫–∏ —Å–≤–µ—Ä—Ö–ø—Ä–æ–≤–æ–¥–∏–º
                                                  –æ—Å—Ç–∏, –°–ö–¶ –∏ –∫–≤–∞...

You may provide a definition with
\DeclareUnicodeCharacter 


! Package inputenc Error: Unicode character –æ (U+043E)
(inputenc)                not set up for use with LaTeX.

See the inputenc package documentation for explanation.
Type  H <return>  for immediate help.
 ...                                              
                                                  
l.3 ...ã —Ñ–∏–∑–∏–∫–∏ —Å–≤–µ—Ä—Ö–ø—Ä–æ–≤–æ–¥–∏–º–æ
                                                  —Å—Ç–∏, –°–ö–¶ –∏ –∫–≤–∞–Ω...

You may provide a definition with
\DeclareUnicodeCharacter 


! Package inputenc Error: Unicode character —Å (U+0441)
(inputenc)                not set up for use with LaTeX.

See the inputenc package documentation for explanation.
Type  H <return>  for immediate help.
 ...                                              
                                                  
l.3 ...—Ñ–∏–∑–∏–∫–∏ —Å–≤–µ—Ä—Ö–ø—Ä–æ–≤–æ–¥–∏–º–æ—Å
                                                  —Ç–∏, –°–ö–¶ –∏ –∫–≤–∞–Ω—Ç...

You may provide a definition with
\DeclareUnicodeCharacter 


! Package inputenc Error: Unicode character —Ç (U+0442)
(inputenc)                not set up for use with LaTeX.

See the inputenc package documentation for explanation.
Type  H <return>  for immediate help.
 ...                                              
                                                  
l.3 ...–∏–∑–∏–∫–∏ —Å–≤–µ—Ä—Ö–ø—Ä–æ–≤–æ–¥–∏–º–æ—Å—Ç
                                                  –∏, –°–ö–¶ –∏ –∫–≤–∞–Ω—Ç–æ...

You may provide a definition with
\DeclareUnicodeCharacter 


! Package inputenc Error: Unicode character –∏ (U+0438)
(inputenc)                not set up for use with LaTeX.

See the inputenc package documentation for explanation.
Type  H <return>  for immediate help.
 ...                                              
                                                  
l.3 ...–∑–∏–∫–∏ —Å–≤–µ—Ä—Ö–ø—Ä–æ–≤–æ–¥–∏–º–æ—Å—Ç–∏
                                                  , –°–ö–¶ –∏ –∫–≤–∞–Ω—Ç–æ–≤...

You may provide a definition with
\DeclareUnicodeCharacter 

Missing character: There is no , in font nullfont!

! Package inputenc Error: Unicode character –° (U+0421)
(inputenc)                not set up for use with LaTeX.

See the inputenc package documentation for explanation.
Type  H <return>  for immediate help.
 ...                                              
                                                  
l.3 ...–∫–∏ —Å–≤–µ—Ä—Ö–ø—Ä–æ–≤–æ–¥–∏–º–æ—Å—Ç–∏, –°
                                                  –ö–¶ –∏ –∫–≤–∞–Ω—Ç–æ–≤–æ–π...
(That makes 100 errors; please try again.) 
Here is how much of TeX's memory you used:
 41 strings out of 492449
 595 string characters out of 3129730
 59582 words of memory out of 3000000
 4501 multiletter control sequences out of 15000+200000
 3948 words of font info for 15 fonts, out of 3000000 for 9000
 1141 hyphenation exceptions out of 8191
 19i,2n,19p,1608b,79s stack positions out of 5000i,500n,10000p,200000b,50000s

!  ==> Fatal error occurred, no output PDF file produced!
